Matplotlib created a temporary cache directory at /var/folders/wr/3s6jwj7x0c5_0jj7bnfg14h40000gn/T/matplotlib-h7lac9vx because the default path (/Users/thaha/.matplotlib) is not a writable directory; it is highly recommended to set the MPLCONFIGDIR environment variable to a writable directory, in particular to speed up the import of Matplotlib and to better support multiprocessing.
Fontconfig error: No writable cache directories
Fontconfig error: No writable cache directories
Fontconfig error: No writable cache directories
Fontconfig error: No writable cache directories
Matplotlib is building the font cache; this may take a moment.
ONLY CPU AVAILABLE
ight
Become yo
Training file_len = 1115394

-----------
|  TRAIN  |
-----------

[0m 0s (1 0%) 4.6352 (4.6352)]
[0m 0s (2 0%) 4.5544 (4.4735)]
[0m 0s (3 1%) 4.4698 (4.3008)]
[0m 0s (3 1%) 4.4698 (4.3008)]
[0m 0s (4 1%) 4.3993 (4.1877)]
[0m 0s (5 1%) 4.3065 (3.9355)]
[0m 0s (6 2%) 4.2538 (3.9898)]
[0m 0s (6 2%) 4.2538 (3.9898)]
[0m 0s (8 2%) 4.2031 (3.3063)]
[0m 0s (9 3%) 4.1490 (3.7158)]
[0m 0s (9 3%) 4.1490 (3.7158)]
[0m 0s (10 3%) 4.0584 (3.2438)]
[0m 0s (12 4%) 4.0341 (3.6121)]
[0m 0s (12 4%) 4.0341 (3.6121)]
[0m 0s (13 4%) 3.9355 (2.7516)]
[0m 0s (15 5%) 4.0597 (4.9005)]
[0m 0s (18 6%) 4.0891 (3.9619)]
[0m 0s (21 7%) 4.0175 (4.0161)]
[0m 0s (24 8%) 3.9666 (3.8482)]
[0m 0s (25 8%) 3.9340 (3.1516)]
[0m 0s (26 8%) 3.9018 (3.0973)]
[0m 0s (27 9%) 3.8771 (3.2347)]
[0m 0s (27 9%) 3.8771 (3.2347)]
[0m 0s (28 9%) 3.8423 (2.9018)]
[0m 0s (29 9%) 3.8081 (2.8520)]
[0m 0s (30 10%) 3.7752 (2.8188)]
[0m 0s (30 10%) 3.7752 (2.8188)]
[0m 0s (31 10%) 3.7377 (2.6132)]
[0m 0s (32 10%) 3.7077 (2.7785)]
[0m 0s (33 11%) 3.7173 (4.0232)]
[0m 0s (35 11%) 3.7002 (2.8999)]
[0m 0s (36 12%) 3.6890 (3.2970)]
[0m 0s (36 12%) 3.6890 (3.2970)]
[0m 0s (37 12%) 3.6561 (2.4685)]
[0m 0s (39 13%) 3.6601 (2.6786)]
[0m 0s (40 13%) 3.6551 (3.4577)]
[0m 0s (41 13%) 3.6219 (2.2928)]
[0m 0s (42 14%) 3.6126 (3.2314)]
[0m 0s (42 14%) 3.6126 (3.2314)]
[0m 0s (43 14%) 3.5877 (2.5424)]
[0m 0s (44 14%) 3.5713 (2.8694)]
[0m 0s (45 15%) 3.5748 (3.7269)]
[0m 0s (46 15%) 3.5692 (3.3159)]
[0m 0s (47 15%) 3.5511 (2.7191)]
[0m 0s (48 16%) 3.5459 (3.2998)]
[0m 0s (48 16%) 3.5459 (3.2998)]
[0m 0s (49 16%) 3.5334 (2.9336)]
[0m 0s (50 16%) 3.5198 (2.8535)]
[0m 0s (51 17%) 3.4973 (2.3756)]
[0m 0s (51 17%) 3.4973 (2.3756)]
[0m 0s (52 17%) 3.4847 (2.8389)]
[0m 0s (53 17%) 3.4733 (2.8835)]
[0m 0s (54 18%) 3.4725 (3.4265)]
[0m 0s (54 18%) 3.4725 (3.4265)]
[0m 0s (55 18%) 3.4640 (3.0064)]
[0m 0s (56 18%) 3.4581 (3.1330)]
[0m 0s (57 19%) 3.4575 (3.4227)]
[0m 0s (57 19%) 3.4575 (3.4227)]
[0m 0s (60 20%) 3.4383 (2.2537)]
[0m 0s (60 20%) 3.4383 (2.2537)]
[0m 0s (61 20%) 3.4232 (2.5199)]
[0m 0s (62 20%) 3.4108 (2.6513)]
[0m 0s (63 21%) 3.3972 (2.5528)]
[0m 0s (63 21%) 3.3972 (2.5528)]
[0m 0s (66 22%) 3.3975 (3.1240)]
[0m 0s (67 22%) 3.3950 (3.2272)]
[0m 0s (68 22%) 3.3825 (2.5448)]
[0m 0s (69 23%) 3.3715 (2.6260)]
[0m 0s (69 23%) 3.3715 (2.6260)]
[0m 0s (70 23%) 3.3665 (3.0163)]
[0m 0s (71 23%) 3.3541 (2.4896)]
[0m 0s (72 24%) 3.3464 (2.8022)]
[0m 0s (72 24%) 3.3464 (2.8022)]
[0m 0s (73 24%) 3.3326 (2.3327)]
[0m 0s (74 24%) 3.3218 (2.5340)]
[0m 0s (75 25%) 3.3176 (3.0076)]
[0m 0s (75 25%) 3.3176 (3.0076)]
[0m 0s (76 25%) 3.3086 (2.6352)]
[0m 0s (78 26%) 3.2932 (1.8756)]
[0m 0s (78 26%) 3.2932 (1.8756)]
[0m 0s (79 26%) 3.2818 (2.3969)]
[0m 0s (80 26%) 3.2679 (2.1684)]
[0m 0s (81 27%) 3.2554 (2.2574)]
[0m 0s (81 27%) 3.2554 (2.2574)]
[0m 0s (82 27%) 3.2453 (2.4226)]
[0m 0s (83 27%) 3.2408 (2.8718)]
[0m 0s (84 28%) 3.2377 (2.9836)]
[0m 0s (84 28%) 3.2377 (2.9836)]
[0m 0s (87 28%) 3.2421 (2.7773)]
[0m 0s (88 29%) 3.2365 (2.7505)]
[0m 0s (90 30%) 3.2320 (1.9219)]
[0m 0s (90 30%) 3.2320 (1.9219)]
[0m 0s (91 30%) 3.2285 (2.9125)]
[0m 0s (92 30%) 3.2201 (2.4564)]
[0m 0s (93 31%) 3.2199 (3.2017)]
[0m 0s (93 31%) 3.2199 (3.2017)]
[0m 0s (94 31%) 3.2084 (2.1386)]
[0m 0s (95 31%) 3.2017 (2.5779)]
[0m 0s (96 32%) 3.1979 (2.8282)]
[0m 0s (96 32%) 3.1979 (2.8282)]
[0m 0s (97 32%) 3.1946 (2.8824)]
[0m 0s (98 32%) 3.1896 (2.7025)]
[0m 0s (99 33%) 3.1937 (3.5999)]
[0m 0s (102 34%) 3.1935 (2.6302)]
[0m 0s (103 34%) 3.1831 (2.1223)]
[0m 0s (105 35%) 3.1799 (2.2415)]
[0m 0s (105 35%) 3.1799 (2.2415)]
[0m 0s (106 35%) 3.1766 (2.8351)]
[0m 0s (107 35%) 3.1682 (2.2786)]
[0m 0s (108 36%) 3.1569 (1.9420)]
[0m 0s (108 36%) 3.1569 (1.9420)]
[0m 0s (109 36%) 3.1535 (2.7907)]
[0m 0s (110 36%) 3.1532 (3.1231)]
[0m 0s (111 37%) 3.1448 (2.2161)]
[0m 0s (111 37%) 3.1448 (2.2161)]
[0m 0s (112 37%) 3.1375 (2.3261)]
[0m 0s (113 37%) 3.1329 (2.6246)]
[0m 0s (114 38%) 3.1304 (2.8397)]
[0m 0s (114 38%) 3.1304 (2.8397)]
[0m 0s (115 38%) 3.1210 (2.0515)]
[0m 0s (116 38%) 3.1187 (2.8569)]
[0m 0s (117 39%) 3.1141 (2.5819)]
[0m 0s (117 39%) 3.1141 (2.5819)]
[0m 0s (119 39%) 3.1136 (3.0373)]
[0m 0s (120 40%) 3.1236 (4.3122)]
[0m 0s (122 40%) 3.1109 (1.9640)]
[0m 0s (123 41%) 3.1083 (2.7915)]
[0m 0s (123 41%) 3.1083 (2.7915)]
[0m 0s (124 41%) 3.1036 (2.5158)]
[0m 0s (126 42%) 3.1200 (4.3296)]
[0m 0s (129 43%) 3.1142 (2.5934)]
[0m 0s (132 44%) 3.1183 (3.0232)]
[0m 0s (135 45%) 3.1161 (2.8959)]
[0m 0s (138 46%) 3.1029 (2.2726)]
[0m 0s (138 46%) 3.1029 (2.2726)]
[0m 0s (139 46%) 3.0986 (2.5013)]
[0m 0s (141 47%) 3.1043 (3.7444)]
[0m 0s (143 47%) 3.0954 (2.4800)]
[0m 0s (144 48%) 3.0920 (2.5962)]
[0m 0s (144 48%) 3.0920 (2.5962)]
[0m 0s (146 48%) 3.0879 (2.4835)]
[0m 0s (147 49%) 3.0803 (1.9731)]
[0m 0s (147 49%) 3.0803 (1.9731)]
[0m 0s (150 50%) 3.0763 (2.4048)]
[0m 0s (150 50%) 3.0763 (2.4048)]
[0m 0s (151 50%) 3.0733 (2.6186)]
[0m 0s (152 50%) 3.0725 (2.9474)]
[0m 0s (153 51%) 3.0691 (2.5602)]
[0m 0s (153 51%) 3.0691 (2.5602)]
[0m 0s (155 51%) 3.0681 (2.7860)]
[0m 0s (156 52%) 3.0696 (3.3056)]
[0m 0s (159 53%) 3.0672 (2.4598)]
[0m 0s (159 53%) 3.0672 (2.4598)]
[0m 0s (160 53%) 3.0669 (3.0214)]
[0m 0s (161 53%) 3.0620 (2.2854)]
[0m 0s (162 54%) 3.0587 (2.5176)]
[0m 0s (162 54%) 3.0587 (2.5176)]
[0m 0s (163 54%) 3.0580 (2.9419)]
[0m 0s (165 55%) 3.0593 (3.2199)]
[0m 0s (166 55%) 3.0563 (2.5547)]
[0m 0s (167 55%) 3.0561 (3.0356)]
[0m 0s (168 56%) 3.0543 (2.7401)]
[0m 0s (168 56%) 3.0543 (2.7401)]
[0m 0s (171 56%) 3.0565 (2.7756)]
[0m 0s (172 57%) 3.0521 (2.3004)]
[0m 0s (174 57%) 3.0502 (2.6774)]
[0m 0s (174 57%) 3.0502 (2.6774)]
[0m 0s (177 59%) 3.0460 (2.2940)]
[0m 0s (177 59%) 3.0460 (2.2940)]
[0m 0s (178 59%) 3.0445 (2.7924)]
[0m 0s (179 59%) 3.0418 (2.5478)]
[0m 0s (180 60%) 3.0419 (3.0651)]
[0m 0s (181 60%) 3.0375 (2.2480)]
[0m 0s (182 60%) 3.0323 (2.0967)]
[0m 0s (183 61%) 3.0301 (2.6197)]
[0m 0s (183 61%) 3.0301 (2.6197)]
[0m 0s (184 61%) 3.0252 (2.1249)]
[0m 0s (185 61%) 3.0199 (2.0497)]
[0m 0s (186 62%) 3.0147 (2.0604)]
[0m 0s (186 62%) 3.0147 (2.0604)]
[0m 0s (187 62%) 3.0102 (2.1644)]
[0m 0s (188 62%) 3.0076 (2.5331)]
[0m 0s (189 63%) 3.0066 (2.8019)]
[0m 0s (189 63%) 3.0066 (2.8019)]
[0m 0s (192 64%) 3.0090 (2.9061)]
[0m 0s (194 64%) 3.0045 (2.5384)]
[0m 0s (195 65%) 3.0010 (2.3278)]
[0m 0s (195 65%) 3.0010 (2.3278)]
[0m 0s (196 65%) 2.9973 (2.2808)]
[0m 0s (197 65%) 2.9946 (2.4647)]
[0m 0s (198 66%) 2.9949 (3.0379)]
[0m 0s (199 66%) 2.9913 (2.2878)]
[0m 0s (200 66%) 2.9885 (2.4371)]
[0m 0s (201 67%) 2.9884 (2.9620)]
[0m 0s (201 67%) 2.9884 (2.9620)]
[0m 0s (202 67%) 2.9880 (2.8999)]
[0m 0s (204 68%) 2.9866 (2.0587)]
[0m 0s (204 68%) 2.9866 (2.0587)]
[0m 0s (206 68%) 2.9835 (2.3408)]
[0m 0s (207 69%) 2.9794 (2.1457)]
[0m 0s (207 69%) 2.9794 (2.1457)]
[0m 0s (208 69%) 2.9787 (2.8365)]
[0m 0s (209 69%) 2.9759 (2.3805)]
[0m 0s (210 70%) 2.9702 (1.7903)]
[0m 0s (210 70%) 2.9702 (1.7903)]
[0m 0s (213 71%) 2.9702 (2.9453)]
[0m 0s (213 71%) 2.9702 (2.9453)]
[0m 0s (214 71%) 2.9668 (2.2440)]
[0m 0s (215 71%) 2.9641 (2.3824)]
[0m 0s (216 72%) 2.9605 (2.1912)]
[0m 0s (216 72%) 2.9605 (2.1912)]
[0m 0s (217 72%) 2.9596 (2.7701)]
[0m 0s (218 72%) 2.9570 (2.3971)]
[0m 1s (219 73%) 2.9561 (2.7473)]
[0m 1s (219 73%) 2.9561 (2.7473)]
[0m 1s (220 73%) 2.9525 (2.1745)]
[0m 1s (221 73%) 2.9483 (2.0142)]
[0m 1s (222 74%) 2.9470 (2.6629)]
[0m 1s (222 74%) 2.9470 (2.6629)]
[0m 1s (223 74%) 2.9468 (2.8905)]
[0m 1s (224 74%) 2.9435 (2.2252)]
[0m 1s (225 75%) 2.9401 (2.1786)]
[0m 1s (225 75%) 2.9401 (2.1786)]
[0m 1s (227 75%) 2.9376 (2.2050)]
[0m 1s (228 76%) 2.9324 (1.7551)]
[0m 1s (228 76%) 2.9324 (1.7551)]
[0m 1s (229 76%) 2.9314 (2.7118)]
[0m 1s (230 76%) 2.9277 (2.0860)]
[0m 1s (231 77%) 2.9279 (2.9660)]
[0m 1s (234 78%) 2.9279 (2.2904)]
[0m 1s (235 78%) 2.9253 (2.3039)]
[0m 1s (236 78%) 2.9230 (2.3877)]
[0m 1s (237 79%) 2.9219 (2.6647)]
[0m 1s (237 79%) 2.9219 (2.6647)]
[0m 1s (240 80%) 2.9286 (3.2731)]
[0m 1s (243 81%) 2.9264 (2.6484)]
[0m 1s (246 82%) 2.9210 (2.2703)]
[0m 1s (246 82%) 2.9210 (2.2703)]
[0m 1s (247 82%) 2.9178 (2.1456)]
[0m 1s (248 82%) 2.9178 (2.9046)]
[0m 1s (249 83%) 2.9164 (2.5748)]
[0m 1s (249 83%) 2.9164 (2.5748)]
[0m 1s (252 84%) 2.9183 (3.2358)]
[0m 1s (254 84%) 2.9145 (2.1410)]
[0m 1s (255 85%) 2.9134 (2.6207)]
[0m 1s (255 85%) 2.9134 (2.6207)]
[0m 1s (256 85%) 2.9115 (2.4422)]
[0m 1s (257 85%) 2.9091 (2.2858)]
[0m 1s (258 86%) 2.9073 (2.4325)]
[0m 1s (258 86%) 2.9073 (2.4325)]
[0m 1s (260 86%) 2.9064 (2.5059)]
[0m 1s (261 87%) 2.9069 (3.0383)]
[0m 1s (262 87%) 2.9053 (2.4946)]
[0m 1s (263 87%) 2.9043 (2.6566)]
[0m 1s (264 88%) 2.9037 (2.7336)]
[0m 1s (264 88%) 2.9037 (2.7336)]
[0m 1s (265 88%) 2.9008 (2.1478)]
[0m 1s (266 88%) 2.8984 (2.2515)]
[0m 1s (267 89%) 2.8993 (3.1375)]
[0m 1s (268 89%) 2.8954 (1.8424)]
[0m 1s (270 90%) 2.8946 (2.3895)]
[0m 1s (270 90%) 2.8946 (2.3895)]
[0m 1s (271 90%) 2.8900 (1.6582)]
[0m 1s (273 91%) 2.8921 (2.8393)]
[0m 1s (276 92%) 2.8892 (2.4208)]
[0m 1s (276 92%) 2.8892 (2.4208)]
[0m 1s (278 92%) 2.8883 (2.5595)]
[0m 1s (279 93%) 2.8876 (2.6796)]
[0m 1s (279 93%) 2.8876 (2.6796)]
[0m 1s (280 93%) 2.8873 (2.8177)]
[0m 1s (281 93%) 2.8870 (2.7807)]
[0m 1s (282 94%) 2.8832 (1.8318)]
[0m 1s (282 94%) 2.8832 (1.8318)]
[0m 1s (283 94%) 2.8814 (2.3771)]
[0m 1s (284 94%) 2.8798 (2.4123)]
[0m 1s (285 95%) 2.8757 (1.7199)]
[0m 1s (285 95%) 2.8757 (1.7199)]
[0m 1s (286 95%) 2.8734 (2.2125)]
[0m 1s (287 95%) 2.8718 (2.4299)]
[0m 1s (288 96%) 2.8713 (2.7076)]
[0m 1s (288 96%) 2.8713 (2.7076)]
[0m 1s (289 96%) 2.8695 (2.3448)]
[0m 1s (290 96%) 2.8663 (1.9622)]
[0m 1s (291 97%) 2.8673 (3.1551)]
[0m 1s (294 98%) 2.8681 (2.5117)]
[0m 1s (297 99%) 2.8667 (2.7912)]
[0m 1s (300 100%) 2.8655 (2.4469)]
[0m 1s (300 100%) 2.8655 (2.4469)]
