Matplotlib created a temporary cache directory at /var/folders/wr/3s6jwj7x0c5_0jj7bnfg14h40000gn/T/matplotlib-p2i45w2y because the default path (/Users/thaha/.matplotlib) is not a writable directory; it is highly recommended to set the MPLCONFIGDIR environment variable to a writable directory, in particular to speed up the import of Matplotlib and to better support multiprocessing.
Fontconfig error: No writable cache directories
Fontconfig error: No writable cache directories
Fontconfig error: No writable cache directories
Fontconfig error: No writable cache directories
Matplotlib is building the font cache; this may take a moment.
ONLY CPU AVAILABLE
y contraries
E
Training file_len = 1115394

-----------
|  TRAIN  |
-----------

[0m 0s (1 0%) 4.6106 (4.6106)]
[0m 0s (2 0%) 4.3288 (4.0471)]
[0m 0s (8 1%) 4.3985 (4.3376)]
[0m 0s (13 1%) 4.2400 (3.1157)]
[0m 0s (16 2%) 4.2093 (3.6093)]
[0m 0s (16 2%) 4.2093 (3.6093)]
[0m 0s (18 2%) 4.1884 (3.5751)]
[0m 0s (20 2%) 4.1763 (3.7963)]
[0m 1s (21 2%) 4.1452 (3.5215)]
[0m 1s (22 2%) 4.1227 (3.6516)]
[0m 1s (24 3%) 4.1271 (3.8965)]
[0m 1s (25 3%) 4.0698 (2.6945)]
[0m 1s (26 3%) 4.0672 (4.0018)]
[0m 1s (28 3%) 4.0320 (2.9116)]
[0m 1s (29 3%) 4.0007 (3.1241)]
[0m 1s (32 4%) 4.1243 (2.9127)]
[0m 1s (40 5%) 4.1238 (3.9857)]
[0m 2s (48 6%) 4.1018 (3.7748)]
[0m 2s (56 7%) 4.0739 (3.1776)]
[0m 2s (64 8%) 4.0597 (4.0185)]
[0m 3s (72 9%) 4.0273 (3.2948)]
[0m 3s (75 9%) 3.9990 (3.1723)]
[0m 3s (77 9%) 3.9879 (3.0358)]
[0m 3s (78 9%) 3.9855 (3.7992)]
[0m 3s (79 9%) 3.9829 (3.7780)]
[0m 3s (80 10%) 3.9818 (3.9002)]
[0m 3s (80 10%) 3.9818 (3.9002)]
[0m 3s (81 10%) 3.9742 (3.3647)]
[0m 3s (82 10%) 3.9612 (2.9053)]
[0m 3s (83 10%) 3.9531 (3.2925)]
[0m 3s (84 10%) 3.9509 (3.7700)]
[0m 4s (88 11%) 3.9597 (3.2066)]
[0m 4s (91 11%) 3.9477 (3.5087)]
[0m 4s (92 11%) 3.9395 (3.1979)]
[0m 4s (93 11%) 3.9343 (3.4523)]
[0m 4s (94 11%) 3.9326 (3.7750)]
[0m 4s (95 11%) 3.9257 (3.2756)]
[0m 4s (96 12%) 3.9190 (3.2821)]
[0m 4s (96 12%) 3.9190 (3.2821)]
[0m 4s (97 12%) 3.9165 (3.6780)]
[0m 4s (100 12%) 3.9152 (2.9502)]
[0m 4s (101 12%) 3.9137 (3.7659)]
[0m 4s (103 12%) 3.9119 (3.6675)]
[0m 4s (104 13%) 3.9068 (3.3878)]
[0m 4s (104 13%) 3.9068 (3.3878)]
[0m 4s (105 13%) 3.9033 (3.5326)]
[0m 4s (107 13%) 3.8980 (3.3341)]
[0m 4s (110 13%) 3.8950 (3.3872)]
[0m 5s (111 13%) 3.8884 (3.1649)]
[0m 5s (112 14%) 3.8799 (2.9346)]
[0m 5s (112 14%) 3.8799 (2.9346)]
[0m 5s (113 14%) 3.8736 (3.1677)]
[0m 5s (120 15%) 3.9398 (3.4075)]
[0m 5s (128 16%) 3.9366 (3.6836)]
[0m 6s (136 17%) 3.9626 (7.4763)]
[0m 6s (144 18%) 3.9498 (3.2876)]
[0m 6s (152 19%) 3.9418 (3.1847)]
[0m 7s (160 20%) 3.9478 (3.6142)]
[0m 7s (168 21%) 3.9327 (3.0378)]
[0m 7s (176 22%) 3.9443 (6.6016)]
[0m 8s (184 23%) 3.9302 (3.3180)]
[0m 8s (192 24%) 3.9065 (3.1324)]
[0m 9s (200 25%) 3.9072 (3.3451)]
[0m 9s (208 26%) 3.9344 (4.2850)]
[0m 9s (216 27%) 3.9296 (3.4004)]
[0m 10s (224 28%) 3.9436 (6.1383)]
[0m 10s (232 28%) 3.9329 (3.4230)]
[0m 10s (240 30%) 3.9374 (3.7853)]
[0m 11s (248 31%) 3.9273 (3.7980)]
[0m 11s (256 32%) 3.9144 (3.4156)]
[0m 11s (264 33%) 3.8935 (3.3786)]
[0m 12s (272 34%) 3.8764 (3.0760)]
[0m 12s (273 34%) 3.8735 (3.0753)]
[0m 12s (274 34%) 3.8703 (3.0018)]
[0m 12s (275 34%) 3.8688 (3.4519)]
[0m 12s (276 34%) 3.8651 (2.8728)]
[0m 12s (278 34%) 3.8619 (2.8071)]
[0m 12s (280 35%) 3.8584 (2.8590)]
[0m 12s (280 35%) 3.8584 (2.8590)]
[0m 12s (281 35%) 3.8562 (3.2312)]
[0m 12s (283 35%) 3.8530 (2.7070)]
[0m 12s (284 35%) 3.8524 (3.6905)]
[0m 12s (285 35%) 3.8508 (3.4019)]
[0m 12s (286 35%) 3.8502 (3.6779)]
[0m 13s (287 35%) 3.8484 (3.3367)]
[0m 13s (288 36%) 3.8448 (2.7954)]
[0m 13s (288 36%) 3.8448 (2.7954)]
[0m 13s (289 36%) 3.8441 (3.6446)]
[0m 13s (293 36%) 3.8417 (3.0071)]
[0m 13s (296 37%) 3.8571 (5.3955)]
[0m 13s (304 38%) 3.8467 (3.0766)]
[0m 14s (312 39%) 3.8433 (3.2414)]
[0m 14s (318 39%) 3.8405 (3.2949)]
[0m 14s (320 40%) 3.8477 (3.5549)]
[0m 14s (328 41%) 3.8426 (4.0637)]
[0m 15s (336 42%) 3.8401 (3.2822)]
[0m 15s (336 42%) 3.8401 (3.2822)]
[0m 15s (337 42%) 3.8392 (3.5379)]
[0m 15s (338 42%) 3.8383 (3.5404)]
[0m 15s (339 42%) 3.8358 (2.9874)]
[0m 15s (340 42%) 3.8342 (3.2901)]
[0m 15s (342 42%) 3.8339 (3.7064)]
[0m 15s (344 43%) 3.8350 (4.0119)]
[0m 15s (345 43%) 3.8329 (3.1209)]
[0m 15s (346 43%) 3.8327 (3.7784)]
[0m 15s (350 43%) 3.8320 (3.1787)]
[0m 15s (351 43%) 3.8309 (3.4337)]
[0m 15s (352 44%) 3.8324 (4.3700)]
[0m 16s (353 44%) 3.8300 (2.9748)]
[0m 16s (354 44%) 3.8285 (3.2863)]
[0m 16s (355 44%) 3.8275 (3.4946)]
[0m 16s (356 44%) 3.8266 (3.4942)]
[0m 16s (357 44%) 3.8250 (3.2449)]
[0m 16s (358 44%) 3.8233 (3.2276)]
[0m 16s (359 44%) 3.8221 (3.3875)]
[0m 16s (360 45%) 3.8222 (3.8625)]
[0m 16s (361 45%) 3.8202 (3.0988)]
[0m 16s (362 45%) 3.8197 (3.6482)]
[0m 16s (363 45%) 3.8187 (3.4363)]
[0m 16s (368 46%) 3.8209 (3.9597)]
[0m 17s (376 47%) 3.8201 (3.8088)]
[0m 17s (377 47%) 3.8181 (3.0822)]
[0m 17s (384 48%) 3.8231 (3.3238)]
[0m 17s (392 49%) 3.8316 (7.5737)]
[0m 18s (400 50%) 3.8228 (3.5789)]
[0m 18s (407 50%) 3.8180 (3.3825)]
[0m 18s (408 51%) 3.8181 (3.8408)]
[0m 18s (409 51%) 3.8170 (3.3799)]
[0m 18s (410 51%) 3.8144 (2.7650)]
[0m 18s (411 51%) 3.8125 (3.0175)]
[0m 18s (416 52%) 3.8130 (3.9010)]
[0m 19s (421 52%) 3.8111 (2.9034)]
[0m 19s (422 52%) 3.8107 (3.6397)]
[0m 19s (424 53%) 3.8114 (3.2595)]
[0m 19s (425 53%) 3.8097 (3.0948)]
[0m 19s (426 53%) 3.8096 (3.7974)]
[0m 19s (427 53%) 3.8079 (3.0765)]
[0m 19s (428 53%) 3.8072 (3.4989)]
[0m 19s (430 53%) 3.8070 (3.0437)]
[0m 19s (431 53%) 3.8067 (3.6692)]
[0m 19s (432 54%) 3.8047 (2.9607)]
[0m 19s (432 54%) 3.8047 (2.9607)]
[0m 19s (436 54%) 3.8037 (3.2383)]
[0m 19s (437 54%) 3.8019 (3.0093)]
[0m 19s (439 54%) 3.8016 (2.9263)]
[0m 19s (440 55%) 3.8024 (4.1832)]
[0m 20s (443 55%) 3.8007 (3.2809)]
[0m 20s (445 55%) 3.7997 (3.2267)]
[0m 20s (446 55%) 3.7985 (3.2653)]
[0m 20s (447 55%) 3.7969 (3.1037)]
[0m 20s (448 56%) 3.7954 (3.1088)]
[0m 20s (448 56%) 3.7954 (3.1088)]
[0m 20s (449 56%) 3.7943 (3.3035)]
[0m 20s (450 56%) 3.7939 (3.6240)]
[0m 20s (451 56%) 3.7934 (3.5797)]
[0m 20s (455 56%) 3.7930 (3.2844)]
[0m 20s (456 56%) 3.7917 (3.2210)]
[0m 20s (456 56%) 3.7917 (3.2210)]
[0m 20s (457 57%) 3.7905 (3.2259)]
[0m 20s (458 57%) 3.7879 (2.6146)]
[0m 20s (459 57%) 3.7848 (2.3527)]
[0m 20s (460 57%) 3.7843 (3.5497)]
[0m 20s (461 57%) 3.7820 (2.7241)]
[0m 20s (462 57%) 3.7799 (2.8479)]
[0m 21s (464 57%) 3.7787 (3.0585)]
[0m 21s (464 57%) 3.7787 (3.0585)]
[0m 21s (468 58%) 3.7785 (2.7869)]
[0m 21s (469 58%) 3.7778 (3.4536)]
[0m 21s (470 58%) 3.7777 (3.7479)]
[0m 21s (471 58%) 3.7768 (3.3274)]
[0m 21s (472 59%) 3.7778 (4.2423)]
[0m 21s (478 59%) 3.7763 (3.4599)]
[0m 21s (480 60%) 3.7769 (3.6997)]
[0m 21s (484 60%) 3.7756 (2.9487)]
[0m 21s (485 60%) 3.7746 (3.2842)]
[0m 21s (486 60%) 3.7744 (3.7221)]
[0m 22s (488 61%) 3.7744 (3.3538)]
[0m 22s (488 61%) 3.7744 (3.3538)]
[0m 22s (489 61%) 3.7736 (3.3747)]
[0m 22s (490 61%) 3.7723 (3.1457)]
[0m 22s (491 61%) 3.7709 (3.0724)]
[0m 22s (492 61%) 3.7695 (3.0918)]
[0m 22s (493 61%) 3.7672 (2.6285)]
[0m 22s (494 61%) 3.7664 (3.3843)]
[0m 22s (495 61%) 3.7663 (3.7163)]
[0m 22s (496 62%) 3.7662 (3.6900)]
[0m 22s (496 62%) 3.7662 (3.6900)]
[0m 22s (497 62%) 3.7647 (3.0607)]
[0m 22s (498 62%) 3.7643 (3.5233)]
[0m 22s (499 62%) 3.7639 (3.5914)]
[0m 22s (500 62%) 3.7637 (3.6535)]
[0m 22s (501 62%) 3.7613 (2.5423)]
[0m 22s (502 62%) 3.7599 (3.0969)]
[0m 22s (503 62%) 3.7581 (2.8611)]
[0m 22s (504 63%) 3.7565 (2.9374)]
[0m 22s (504 63%) 3.7565 (2.9374)]
[0m 22s (506 63%) 3.7562 (3.5048)]
[0m 22s (507 63%) 3.7540 (2.6458)]
[0m 22s (508 63%) 3.7526 (3.0189)]
[0m 23s (509 63%) 3.7525 (3.7017)]
[0m 23s (510 63%) 3.7517 (3.3389)]
[0m 23s (511 63%) 3.7500 (2.8991)]
[0m 23s (512 64%) 3.7497 (3.5849)]
[0m 23s (512 64%) 3.7497 (3.5849)]
[0m 23s (513 64%) 3.7495 (3.6302)]
[0m 23s (518 64%) 3.7485 (3.0449)]
[0m 23s (519 64%) 3.7475 (3.2064)]
[0m 23s (520 65%) 3.7461 (3.0127)]
[0m 23s (520 65%) 3.7461 (3.0127)]
[0m 23s (521 65%) 3.7448 (3.0783)]
[0m 23s (522 65%) 3.7432 (2.9166)]
[0m 23s (528 66%) 3.7435 (3.8820)]
[0m 23s (529 66%) 3.7416 (2.7480)]
[0m 23s (530 66%) 3.7414 (3.6728)]
[0m 24s (531 66%) 3.7409 (3.4369)]
[0m 24s (532 66%) 3.7399 (3.2079)]
[0m 24s (535 66%) 3.7394 (3.0698)]
[0m 24s (536 67%) 3.7381 (3.0485)]
[0m 24s (536 67%) 3.7381 (3.0485)]
[0m 24s (537 67%) 3.7375 (3.4026)]
[0m 24s (538 67%) 3.7371 (3.4968)]
[0m 24s (539 67%) 3.7364 (3.3577)]
[0m 24s (540 67%) 3.7356 (3.2976)]
[0m 24s (541 67%) 3.7352 (3.5570)]
[0m 24s (542 67%) 3.7343 (3.2430)]
[0m 24s (543 67%) 3.7333 (3.1550)]
[0m 24s (544 68%) 3.7330 (3.5821)]
[0m 24s (544 68%) 3.7330 (3.5821)]
[0m 24s (546 68%) 3.7315 (2.6676)]
[0m 24s (547 68%) 3.7305 (3.2131)]
[0m 24s (549 68%) 3.7299 (3.0789)]
[0m 24s (550 68%) 3.7297 (3.6321)]
[0m 24s (551 68%) 3.7287 (3.1838)]
[0m 24s (552 69%) 3.7281 (3.4067)]
[0m 24s (552 69%) 3.7281 (3.4067)]
[0m 25s (553 69%) 3.7273 (3.2478)]
[0m 25s (556 69%) 3.7270 (3.1283)]
[0m 25s (557 69%) 3.7267 (3.5717)]
[0m 25s (558 69%) 3.7254 (2.9667)]
[0m 25s (559 69%) 3.7253 (3.6836)]
[0m 25s (560 70%) 3.7243 (3.1615)]
[0m 25s (560 70%) 3.7243 (3.1615)]
[0m 25s (562 70%) 3.7235 (3.2713)]
[0m 25s (563 70%) 3.7229 (3.3598)]
[0m 25s (564 70%) 3.7204 (2.3260)]
[0m 25s (565 70%) 3.7194 (3.1503)]
[0m 25s (567 70%) 3.7192 (3.2343)]
[0m 25s (568 71%) 3.7186 (3.3488)]
[0m 25s (568 71%) 3.7186 (3.3488)]
[0m 25s (569 71%) 3.7181 (3.4608)]
[0m 25s (570 71%) 3.7180 (3.6513)]
[0m 25s (571 71%) 3.7176 (3.4686)]
[0m 25s (572 71%) 3.7167 (3.2030)]
[0m 25s (573 71%) 3.7167 (3.7089)]
[0m 26s (574 71%) 3.7155 (3.0731)]
[0m 26s (575 71%) 3.7140 (2.8083)]
[0m 26s (576 72%) 3.7125 (2.8732)]
[0m 26s (576 72%) 3.7125 (2.8732)]
[0m 26s (577 72%) 3.7116 (3.1895)]
[0m 26s (580 72%) 3.7103 (2.9648)]
[0m 26s (581 72%) 3.7094 (3.1464)]
[0m 26s (582 72%) 3.7075 (2.6109)]
[0m 26s (583 72%) 3.7057 (2.6585)]
[0m 26s (584 73%) 3.7050 (3.2846)]
[0m 26s (584 73%) 3.7050 (3.2846)]
[0m 26s (585 73%) 3.7040 (3.1716)]
[0m 26s (586 73%) 3.7036 (3.4381)]
[0m 26s (588 73%) 3.7020 (2.5961)]
[0m 26s (589 73%) 3.7002 (2.6311)]
[0m 26s (590 73%) 3.6992 (3.0753)]
[0m 26s (591 73%) 3.6979 (2.9240)]
[0m 26s (592 74%) 3.6967 (2.9879)]
[0m 26s (592 74%) 3.6967 (2.9879)]
[0m 27s (597 74%) 3.6962 (3.2904)]
[0m 27s (598 74%) 3.6948 (2.8189)]
[0m 27s (599 74%) 3.6932 (2.7671)]
[0m 27s (600 75%) 3.6945 (4.4569)]
[0m 27s (602 75%) 3.6930 (2.6316)]
[0m 27s (604 75%) 3.6917 (2.8734)]
[0m 27s (607 75%) 3.6914 (3.2544)]
[0m 27s (608 76%) 3.6905 (3.1174)]
[0m 27s (608 76%) 3.6905 (3.1174)]
[0m 27s (610 76%) 3.6902 (3.0948)]
[0m 27s (612 76%) 3.6895 (2.5952)]
[0m 27s (614 76%) 3.6893 (3.3707)]
[0m 27s (615 76%) 3.6885 (3.2035)]
[0m 27s (616 77%) 3.6894 (4.1998)]
[0m 28s (618 77%) 3.6879 (2.9904)]
[0m 28s (619 77%) 3.6866 (2.8776)]
[0m 28s (620 77%) 3.6858 (3.1538)]
[0m 28s (621 77%) 3.6845 (2.9178)]
[0m 28s (622 77%) 3.6836 (3.1221)]
[0m 28s (623 77%) 3.6831 (3.3267)]
[0m 28s (624 78%) 3.6821 (3.0954)]
[0m 28s (624 78%) 3.6821 (3.0954)]
[0m 28s (625 78%) 3.6811 (3.0429)]
[0m 28s (626 78%) 3.6808 (3.5219)]
[0m 28s (630 78%) 3.6802 (2.9637)]
[0m 28s (632 79%) 3.6800 (3.3055)]
[0m 28s (632 79%) 3.6800 (3.3055)]
[0m 28s (633 79%) 3.6781 (2.4663)]
[0m 28s (634 79%) 3.6767 (2.7872)]
[0m 28s (635 79%) 3.6750 (2.5969)]
[0m 28s (636 79%) 3.6742 (3.2193)]
[0m 28s (637 79%) 3.6738 (3.4254)]
[0m 28s (638 79%) 3.6729 (3.0565)]
[0m 28s (639 79%) 3.6723 (3.2791)]
[0m 29s (640 80%) 3.6725 (3.8522)]
[0m 29s (642 80%) 3.6710 (2.4677)]
[0m 29s (643 80%) 3.6704 (3.2769)]
[0m 29s (644 80%) 3.6697 (3.1812)]
[0m 29s (645 80%) 3.6692 (3.4091)]
[0m 29s (646 80%) 3.6679 (2.7798)]
[0m 29s (647 80%) 3.6673 (3.2911)]
[0m 29s (648 81%) 3.6663 (2.9984)]
[0m 29s (648 81%) 3.6663 (2.9984)]
[0m 29s (650 81%) 3.6654 (2.8344)]
[0m 29s (651 81%) 3.6645 (3.0982)]
[0m 29s (652 81%) 3.6644 (3.5717)]
[0m 29s (653 81%) 3.6631 (2.8675)]
[0m 29s (654 81%) 3.6624 (3.1907)]
[0m 29s (655 81%) 3.6613 (2.9079)]
[0m 29s (656 82%) 3.6604 (3.1019)]
[0m 29s (656 82%) 3.6604 (3.1019)]
[0m 30s (662 82%) 3.6591 (2.6171)]
[0m 30s (663 82%) 3.6579 (2.8792)]
[0m 30s (664 83%) 3.6569 (2.9595)]
[0m 30s (664 83%) 3.6569 (2.9595)]
[0m 30s (665 83%) 3.6565 (3.3748)]
[0m 30s (666 83%) 3.6555 (3.0136)]
[0m 30s (667 83%) 3.6540 (2.6205)]
[0m 30s (668 83%) 3.6535 (3.3756)]
[0m 30s (669 83%) 3.6531 (3.3619)]
[0m 30s (671 83%) 3.6530 (3.1649)]
[0m 30s (672 84%) 3.6535 (4.0196)]
[0m 30s (674 84%) 3.6525 (3.0109)]
[0m 30s (675 84%) 3.6512 (2.8078)]
[0m 30s (676 84%) 3.6506 (3.2013)]
[0m 30s (677 84%) 3.6495 (2.9517)]
[0m 30s (678 84%) 3.6486 (2.9936)]
[0m 30s (679 84%) 3.6485 (3.5961)]
[0m 30s (680 85%) 3.6467 (2.4379)]
[0m 30s (680 85%) 3.6467 (2.4379)]
[0m 30s (681 85%) 3.6460 (3.1508)]
[0m 30s (682 85%) 3.6452 (3.1234)]
[0m 31s (683 85%) 3.6450 (3.4908)]
[0m 31s (684 85%) 3.6436 (2.7190)]
[0m 31s (685 85%) 3.6428 (3.0510)]
[0m 31s (686 85%) 3.6422 (3.2669)]
[0m 31s (688 86%) 3.6441 (3.4296)]
[0m 31s (692 86%) 3.6418 (3.0268)]
[0m 31s (693 86%) 3.6412 (3.2028)]
[0m 31s (694 86%) 3.6396 (2.5328)]
[0m 31s (695 86%) 3.6394 (3.4710)]
[0m 31s (696 87%) 3.6389 (3.2992)]
[0m 31s (696 87%) 3.6389 (3.2992)]
[0m 31s (697 87%) 3.6380 (3.0675)]
[0m 31s (699 87%) 3.6375 (2.8847)]
[0m 32s (704 88%) 3.6400 (3.5470)]
[0m 32s (708 88%) 3.6371 (3.0404)]
[0m 32s (712 89%) 3.6378 (3.7108)]
[0m 32s (713 89%) 3.6370 (3.0568)]
[0m 32s (714 89%) 3.6363 (3.1357)]
[0m 32s (715 89%) 3.6361 (3.5396)]
[0m 32s (716 89%) 3.6350 (2.7783)]
[0m 32s (717 89%) 3.6338 (2.8279)]
[0m 32s (720 90%) 3.6329 (2.7222)]
[0m 32s (720 90%) 3.6329 (2.7222)]
[0m 32s (721 90%) 3.6323 (3.2679)]
[0m 32s (722 90%) 3.6319 (3.3018)]
[0m 32s (723 90%) 3.6314 (3.2939)]
[0m 33s (724 90%) 3.6306 (3.0596)]
[0m 33s (725 90%) 3.6298 (3.0584)]
[0m 33s (727 90%) 3.6298 (3.1105)]
[0m 33s (728 91%) 3.6292 (3.2208)]
[0m 33s (728 91%) 3.6292 (3.2208)]
[0m 33s (733 91%) 3.6291 (3.4808)]
[0m 33s (735 91%) 3.6275 (2.4342)]
[0m 33s (736 92%) 3.6275 (3.5835)]
[0m 33s (736 92%) 3.6275 (3.5835)]
[0m 33s (738 92%) 3.6273 (3.0857)]
[0m 33s (739 92%) 3.6267 (3.1516)]
[0m 33s (740 92%) 3.6262 (3.2495)]
[0m 34s (743 92%) 3.6254 (2.9196)]
[0m 34s (744 93%) 3.6239 (2.5527)]
[0m 34s (744 93%) 3.6239 (2.5527)]
[0m 34s (745 93%) 3.6229 (2.8820)]
[0m 34s (746 93%) 3.6226 (3.4084)]
[0m 34s (747 93%) 3.6224 (3.4516)]
[0m 34s (749 93%) 3.6217 (2.8942)]
[0m 34s (750 93%) 3.6217 (3.6074)]
[0m 34s (751 93%) 3.6208 (2.9333)]
[0m 34s (752 94%) 3.6210 (3.7335)]
[0m 34s (753 94%) 3.6192 (2.2961)]
[0m 34s (754 94%) 3.6191 (3.5408)]
[0m 34s (755 94%) 3.6181 (2.8913)]
[0m 34s (756 94%) 3.6167 (2.5169)]
[0m 34s (757 94%) 3.6162 (3.2744)]
[0m 34s (758 94%) 3.6159 (3.3865)]
[0m 34s (760 95%) 3.6181 (4.7441)]
[0m 35s (765 95%) 3.6151 (2.9762)]
[0m 35s (766 95%) 3.6141 (2.8357)]
[0m 35s (767 95%) 3.6134 (3.0907)]
[0m 35s (768 96%) 3.6131 (3.3495)]
[0m 35s (768 96%) 3.6131 (3.3495)]
[0m 35s (769 96%) 3.6122 (2.9251)]
[0m 35s (770 96%) 3.6119 (3.3999)]
[0m 35s (771 96%) 3.6113 (3.1565)]
[0m 35s (773 96%) 3.6111 (3.3163)]
[0m 35s (774 96%) 3.6103 (3.0286)]
[0m 35s (775 96%) 3.6098 (3.2273)]
[0m 35s (776 97%) 3.6093 (3.2368)]
[0m 35s (776 97%) 3.6093 (3.2368)]
[0m 35s (777 97%) 3.6082 (2.7036)]
[0m 35s (778 97%) 3.6081 (3.5327)]
[0m 35s (779 97%) 3.6079 (3.4693)]
[0m 35s (780 97%) 3.6070 (2.9033)]
[0m 35s (781 97%) 3.6059 (2.7787)]
[0m 36s (783 97%) 3.6056 (3.0041)]
[0m 36s (784 98%) 3.6049 (3.0296)]
[0m 36s (784 98%) 3.6049 (3.0296)]
[0m 36s (785 98%) 3.6041 (2.9454)]
[0m 36s (786 98%) 3.6029 (2.7106)]
[0m 36s (787 98%) 3.6024 (3.1999)]
[0m 36s (792 99%) 3.6019 (2.9050)]
[0m 36s (792 99%) 3.6019 (2.9050)]
[0m 36s (793 99%) 3.6013 (3.0685)]
[0m 36s (796 99%) 3.6008 (2.7943)]
[0m 36s (797 99%) 3.6005 (3.3912)]
[0m 36s (798 99%) 3.6005 (3.5770)]
[0m 36s (799 99%) 3.6002 (3.4087)]
[0m 36s (800 100%) 3.5989 (2.5105)]
[0m 36s (800 100%) 3.5989 (2.5105)]
