Matplotlib created a temporary cache directory at /var/folders/wr/3s6jwj7x0c5_0jj7bnfg14h40000gn/T/matplotlib-35x9f4at because the default path (/Users/thaha/.matplotlib) is not a writable directory; it is highly recommended to set the MPLCONFIGDIR environment variable to a writable directory, in particular to speed up the import of Matplotlib and to better support multiprocessing.
Fontconfig error: No writable cache directories
Fontconfig error: No writable cache directories
Fontconfig error: No writable cache directories
Fontconfig error: No writable cache directories
Matplotlib is building the font cache; this may take a moment.
ONLY CPU AVAILABLE
e thee.

CLAUD
Training file_len = 1115394

-----------
|  TRAIN  |
-----------

[0m 0s (1 0%) 4.6118 (4.6118)]
[0m 0s (2 0%) 4.5603 (4.5087)]
[0m 0s (3 0%) 4.5132 (4.4191)]
[0m 0s (4 0%) 4.3883 (4.0134)]
[0m 0s (6 1%) 4.4018 (4.1859)]
[0m 0s (7 1%) 4.2474 (3.3212)]
[0m 0s (8 1%) 4.2301 (4.1092)]
[0m 0s (11 1%) 4.1991 (3.7660)]
[0m 0s (12 2%) 4.2364 (4.6470)]
[0m 0s (14 2%) 4.1510 (3.4440)]
[0m 0s (15 2%) 4.1057 (3.4716)]
[0m 0s (17 2%) 4.0912 (3.5570)]
[0m 0s (18 3%) 4.0888 (4.0477)]
[0m 0s (18 3%) 4.0888 (4.0477)]
[0m 0s (19 3%) 4.0594 (3.5307)]
[0m 0s (20 3%) 4.0336 (3.5445)]
[0m 0s (21 3%) 3.9817 (2.9428)]
[0m 0s (22 3%) 3.9627 (3.5634)]
[0m 0s (23 3%) 3.9347 (3.3182)]
[0m 0s (24 4%) 3.9093 (3.3254)]
[0m 0s (24 4%) 3.9093 (3.3254)]
[0m 0s (25 4%) 3.9069 (3.8493)]
[0m 0s (30 5%) 3.9453 (2.9672)]
[0m 0s (32 5%) 3.8984 (3.0865)]
[0m 0s (33 5%) 3.8726 (3.0473)]
[0m 0s (34 5%) 3.8678 (3.7089)]
[0m 0s (35 5%) 3.8642 (3.7426)]
[0m 0s (36 6%) 3.8400 (2.9926)]
[0m 0s (36 6%) 3.8400 (2.9926)]
[0m 0s (37 6%) 3.8314 (3.5215)]
[0m 0s (38 6%) 3.8114 (3.0703)]
[0m 0s (39 6%) 3.7873 (2.8735)]
[0m 0s (40 6%) 3.7658 (2.9251)]
[0m 0s (41 6%) 3.7528 (3.2358)]
[0m 0s (42 7%) 3.7401 (3.2171)]
[0m 0s (42 7%) 3.7401 (3.2171)]
[0m 0s (48 8%) 3.7497 (3.0548)]
[0m 0s (50 8%) 3.7246 (2.8725)]
[0m 0s (51 8%) 3.7195 (3.4639)]
[0m 0s (52 8%) 3.7036 (2.8909)]
[0m 0s (54 9%) 3.7141 (3.0925)]
[0m 0s (55 9%) 3.7019 (3.0461)]
[0m 0s (56 9%) 3.6908 (3.0765)]
[0m 0s (57 9%) 3.6821 (3.1961)]
[0m 0s (58 9%) 3.6755 (3.3033)]
[0m 0s (59 9%) 3.6576 (2.6191)]
[0m 0s (60 10%) 3.6444 (2.8619)]
[0m 0s (60 10%) 3.6444 (2.8619)]
[0m 0s (61 10%) 3.6348 (3.0595)]
[0m 0s (62 10%) 3.6216 (2.8143)]
[0m 0s (65 10%) 3.6175 (3.3463)]
[0m 0s (66 11%) 3.6242 (4.0624)]
[0m 0s (72 12%) 3.6391 (2.9897)]
[0m 0s (77 12%) 3.6137 (3.2806)]
[0m 0s (78 13%) 3.6177 (3.9254)]
[0m 0s (79 13%) 3.6112 (3.1057)]
[0m 0s (80 13%) 3.6068 (3.2575)]
[0m 0s (81 13%) 3.6005 (3.0956)]
[0m 0s (84 14%) 3.6082 (3.4952)]
[0m 0s (85 14%) 3.6001 (2.9178)]
[0m 0s (88 14%) 3.5930 (2.9641)]
[0m 0s (89 14%) 3.5848 (2.8572)]
[0m 0s (90 15%) 3.5863 (3.7215)]
[0m 0s (91 15%) 3.5822 (3.2140)]
[0m 0s (92 15%) 3.5781 (3.2034)]
[0m 0s (94 15%) 3.5702 (2.8228)]
[0m 1s (95 15%) 3.5629 (2.8763)]
[0m 1s (96 16%) 3.5557 (2.8773)]
[0m 1s (96 16%) 3.5557 (2.8773)]
[0m 1s (97 16%) 3.5533 (3.3176)]
[0m 1s (98 16%) 3.5477 (3.0090)]
[0m 1s (99 16%) 3.5467 (3.4447)]
[0m 1s (100 16%) 3.5442 (3.2967)]
[0m 1s (101 16%) 3.5406 (3.1777)]
[0m 1s (102 17%) 3.5323 (2.6971)]
[0m 1s (102 17%) 3.5323 (2.6971)]
[0m 1s (103 17%) 3.5302 (3.3180)]
[0m 1s (104 17%) 3.5271 (3.2026)]
[0m 1s (105 17%) 3.5196 (2.7420)]
[0m 1s (108 18%) 3.5164 (3.1485)]
[0m 1s (108 18%) 3.5164 (3.1485)]
[0m 1s (111 18%) 3.5117 (2.9411)]
[0m 1s (114 19%) 3.5109 (3.0780)]
[0m 1s (114 19%) 3.5109 (3.0780)]
[0m 1s (115 19%) 3.5088 (3.2736)]
[0m 1s (116 19%) 3.5058 (3.1643)]
[0m 1s (117 19%) 3.5048 (3.3780)]
[0m 1s (118 19%) 3.4997 (2.9037)]
[0m 1s (120 20%) 3.5061 (3.2791)]
[0m 1s (124 20%) 3.4969 (3.1488)]
[0m 1s (126 21%) 3.5008 (3.6607)]
[0m 1s (128 21%) 3.4903 (2.6387)]
[0m 1s (129 21%) 3.4880 (3.1974)]
[0m 1s (130 21%) 3.4829 (2.8254)]
[0m 1s (131 21%) 3.4824 (3.4143)]
[0m 1s (132 22%) 3.4760 (2.6478)]
[0m 1s (132 22%) 3.4760 (2.6478)]
[0m 1s (133 22%) 3.4714 (2.8563)]
[0m 1s (134 22%) 3.4667 (2.8467)]
[0m 1s (135 22%) 3.4625 (2.8954)]
[0m 1s (138 23%) 3.4605 (2.9614)]
[0m 1s (138 23%) 3.4605 (2.9614)]
[0m 1s (139 23%) 3.4573 (3.0213)]
[0m 1s (140 23%) 3.4509 (2.5618)]
[0m 1s (144 24%) 3.4614 (3.3743)]
[0m 1s (147 24%) 3.4471 (2.5769)]
[0m 1s (148 24%) 3.4444 (3.0497)]
[0m 1s (149 24%) 3.4387 (2.5878)]
[0m 1s (150 25%) 3.4333 (2.6380)]
[0m 1s (150 25%) 3.4333 (2.6380)]
[0m 1s (151 25%) 3.4261 (2.3465)]
[0m 1s (152 25%) 3.4246 (3.1973)]
[0m 1s (153 25%) 3.4219 (3.0110)]
[0m 1s (155 25%) 3.4216 (2.8851)]
[0m 1s (156 26%) 3.4187 (2.9654)]
[0m 1s (156 26%) 3.4187 (2.9654)]
[0m 1s (157 26%) 3.4153 (2.8782)]
[0m 1s (158 26%) 3.4088 (2.3953)]
[0m 1s (161 26%) 3.4084 (2.8340)]
[0m 1s (162 27%) 3.4121 (4.0080)]
[0m 1s (163 27%) 3.4079 (2.7274)]
[0m 1s (164 27%) 3.4026 (2.5416)]
[0m 1s (165 27%) 3.4016 (3.2357)]
[0m 1s (166 27%) 3.4006 (3.2275)]
[0m 1s (167 27%) 3.3973 (2.8457)]
[0m 1s (168 28%) 3.4001 (3.8700)]
[0m 1s (174 28%) 3.4020 (3.3114)]
[0m 1s (177 29%) 3.3963 (2.7011)]
[0m 1s (179 29%) 3.3933 (2.8500)]
[0m 1s (180 30%) 3.3964 (3.9385)]
[0m 1s (181 30%) 3.3932 (2.8157)]
[0m 1s (182 30%) 3.3895 (2.7309)]
[0m 1s (186 31%) 3.3981 (3.1168)]
[0m 1s (191 31%) 3.3869 (2.6774)]
[0m 2s (192 32%) 3.3823 (2.4938)]
[0m 2s (192 32%) 3.3823 (2.4938)]
[0m 2s (197 32%) 3.3814 (3.1004)]
[0m 2s (198 33%) 3.3810 (3.2929)]
[0m 2s (198 33%) 3.3810 (3.2929)]
[0m 2s (199 33%) 3.3761 (2.4114)]
[0m 2s (200 33%) 3.3734 (2.8220)]
[0m 2s (201 33%) 3.3709 (2.8764)]
[0m 2s (202 33%) 3.3659 (2.3703)]
[0m 2s (203 33%) 3.3614 (2.4394)]
[0m 2s (204 34%) 3.3570 (2.4732)]
[0m 2s (204 34%) 3.3570 (2.4732)]
[0m 2s (205 34%) 3.3520 (2.3310)]
[0m 2s (206 34%) 3.3496 (2.8473)]
[0m 2s (207 34%) 3.3455 (2.5194)]
[0m 2s (208 34%) 3.3417 (2.5363)]
[0m 2s (209 34%) 3.3413 (3.2675)]
[0m 2s (210 35%) 3.3400 (3.0702)]
[0m 2s (210 35%) 3.3400 (3.0702)]
[0m 2s (211 35%) 3.3347 (2.2260)]
[0m 2s (212 35%) 3.3318 (2.7134)]
[0m 2s (213 35%) 3.3302 (2.9962)]
[0m 2s (215 35%) 3.3292 (2.5080)]
[0m 2s (216 36%) 3.3287 (3.2168)]
[0m 2s (216 36%) 3.3287 (3.2168)]
[0m 2s (217 36%) 3.3257 (2.6763)]
[0m 2s (218 36%) 3.3233 (2.7998)]
[0m 2s (219 36%) 3.3203 (2.6694)]
[0m 2s (220 36%) 3.3160 (2.3755)]
[0m 2s (221 36%) 3.3140 (2.8696)]
[0m 2s (222 37%) 3.3161 (3.7882)]
[0m 2s (225 37%) 3.3126 (2.8974)]
[0m 2s (226 37%) 3.3091 (2.5037)]
[0m 2s (227 37%) 3.3090 (3.2949)]
[0m 2s (228 38%) 3.3065 (2.7392)]
[0m 2s (228 38%) 3.3065 (2.7392)]
[0m 2s (229 38%) 3.3065 (3.3012)]
[0m 2s (230 38%) 3.3046 (2.8770)]
[0m 2s (231 38%) 3.3006 (2.3704)]
[0m 2s (232 38%) 3.2980 (2.7103)]
[0m 2s (234 39%) 3.2954 (2.6012)]
[0m 2s (234 39%) 3.2954 (2.6012)]
[0m 2s (235 39%) 3.2927 (2.6605)]
[0m 2s (236 39%) 3.2910 (2.9071)]
[0m 2s (237 39%) 3.2887 (2.7286)]
[0m 2s (238 39%) 3.2882 (3.1707)]
[0m 2s (239 39%) 3.2871 (3.0328)]
[0m 2s (240 40%) 3.2841 (2.5767)]
[0m 2s (240 40%) 3.2841 (2.5767)]
[0m 2s (241 40%) 3.2829 (2.9943)]
[0m 2s (242 40%) 3.2818 (3.0163)]
[0m 2s (243 40%) 3.2764 (1.9595)]
[0m 2s (245 40%) 3.2747 (2.7342)]
[0m 2s (246 41%) 3.2752 (3.3926)]
[0m 2s (247 41%) 3.2741 (3.0146)]
[0m 2s (248 41%) 3.2722 (2.7999)]
[0m 2s (249 41%) 3.2678 (2.1850)]
[0m 2s (250 41%) 3.2674 (3.1688)]
[0m 2s (251 41%) 3.2668 (3.1151)]
[0m 2s (252 42%) 3.2689 (3.7950)]
[0m 2s (253 42%) 3.2663 (2.6140)]
[0m 2s (254 42%) 3.2654 (3.0386)]
[0m 2s (255 42%) 3.2633 (2.7238)]
[0m 2s (256 42%) 3.2625 (3.0610)]
[0m 2s (257 42%) 3.2615 (2.9924)]
[0m 2s (258 43%) 3.2572 (2.1604)]
[0m 2s (258 43%) 3.2572 (2.1604)]
[0m 2s (260 43%) 3.2545 (2.4233)]
[0m 2s (261 43%) 3.2523 (2.6651)]
[0m 2s (262 43%) 3.2507 (2.8406)]
[0m 2s (263 43%) 3.2494 (2.8993)]
[0m 2s (264 44%) 3.2486 (3.0330)]
[0m 2s (264 44%) 3.2486 (3.0330)]
[0m 2s (265 44%) 3.2460 (2.5840)]
[0m 2s (266 44%) 3.2449 (2.9359)]
[0m 2s (267 44%) 3.2427 (2.6662)]
[0m 2s (268 44%) 3.2423 (3.1385)]
[0m 2s (269 44%) 3.2398 (2.5722)]
[0m 2s (270 45%) 3.2382 (2.7901)]
[0m 2s (270 45%) 3.2382 (2.7901)]
[0m 2s (271 45%) 3.2364 (2.7653)]
[0m 2s (273 45%) 3.2355 (2.8779)]
[0m 2s (274 45%) 3.2325 (2.4308)]
[0m 2s (275 45%) 3.2322 (3.1322)]
[0m 2s (276 46%) 3.2317 (3.0970)]
[0m 2s (276 46%) 3.2317 (3.0970)]
[0m 2s (277 46%) 3.2303 (2.8604)]
[0m 2s (278 46%) 3.2279 (2.5454)]
[0m 2s (279 46%) 3.2273 (3.0608)]
[0m 2s (281 46%) 3.2259 (2.7117)]
[0m 2s (282 47%) 3.2220 (2.1153)]
[0m 2s (282 47%) 3.2220 (2.1153)]
[0m 2s (283 47%) 3.2216 (3.0969)]
[0m 2s (284 47%) 3.2199 (2.7522)]
[0m 2s (285 47%) 3.2189 (2.9309)]
[0m 2s (286 47%) 3.2165 (2.5431)]
[0m 3s (287 47%) 3.2154 (2.8821)]
[0m 3s (288 48%) 3.2152 (3.1664)]
[0m 3s (288 48%) 3.2152 (3.1664)]
[0m 3s (290 48%) 3.2148 (2.9931)]
[0m 3s (291 48%) 3.2110 (2.1101)]
[0m 3s (294 49%) 3.2183 (3.5314)]
[0m 3s (300 50%) 3.2125 (2.8545)]
[0m 3s (301 50%) 3.2101 (2.4945)]
[0m 3s (302 50%) 3.2079 (2.5427)]
[0m 3s (303 50%) 3.2060 (2.6215)]
[0m 3s (304 50%) 3.2048 (2.8479)]
[0m 3s (305 50%) 3.2030 (2.6450)]
[0m 3s (306 51%) 3.2018 (2.8327)]
[0m 3s (306 51%) 3.2018 (2.8327)]
[0m 3s (307 51%) 3.2010 (2.9746)]
[0m 3s (308 51%) 3.1994 (2.7142)]
[0m 3s (311 51%) 3.1990 (2.5893)]
[0m 3s (312 52%) 3.1983 (2.9885)]
[0m 3s (312 52%) 3.1983 (2.9885)]
[0m 3s (313 52%) 3.1961 (2.4983)]
[0m 3s (314 52%) 3.1942 (2.6008)]
[0m 3s (315 52%) 3.1930 (2.8006)]
[0m 3s (316 52%) 3.1929 (3.1611)]
[0m 3s (317 52%) 3.1894 (2.1128)]
[0m 3s (318 53%) 3.1894 (3.1823)]
[0m 3s (318 53%) 3.1894 (3.1823)]
[0m 3s (320 53%) 3.1889 (2.8821)]
[0m 3s (321 53%) 3.1871 (2.6305)]
[0m 3s (322 53%) 3.1854 (2.6417)]
[0m 3s (323 53%) 3.1843 (2.8307)]
[0m 3s (324 54%) 3.1820 (2.4327)]
[0m 3s (324 54%) 3.1820 (2.4327)]
[0m 3s (325 54%) 3.1787 (2.0945)]
[0m 3s (326 54%) 3.1775 (2.7898)]
[0m 3s (327 54%) 3.1768 (2.9584)]
[0m 3s (328 54%) 3.1763 (3.0114)]
[0m 3s (329 54%) 3.1748 (2.6847)]
[0m 3s (330 55%) 3.1726 (2.4514)]
[0m 3s (330 55%) 3.1726 (2.4514)]
[0m 3s (332 55%) 3.1700 (2.3001)]
[0m 3s (333 55%) 3.1695 (2.9819)]
[0m 3s (334 55%) 3.1685 (2.8524)]
[0m 3s (336 56%) 3.1689 (3.2949)]
[0m 3s (340 56%) 3.1671 (2.4281)]
[0m 3s (341 56%) 3.1670 (3.1367)]
[0m 3s (342 56%) 3.1651 (2.5216)]
[0m 3s (342 56%) 3.1651 (2.5216)]
[0m 3s (343 57%) 3.1650 (3.1325)]
[0m 3s (344 57%) 3.1631 (2.5196)]
[0m 3s (345 57%) 3.1607 (2.3335)]
[0m 3s (346 57%) 3.1606 (3.1237)]
[0m 3s (348 57%) 3.1606 (3.0939)]
[0m 3s (348 57%) 3.1606 (3.0939)]
[0m 3s (349 58%) 3.1584 (2.4023)]
[0m 3s (350 58%) 3.1576 (2.8876)]
[0m 3s (351 58%) 3.1558 (2.5376)]
[0m 3s (354 59%) 3.1622 (3.2248)]
[0m 3s (360 60%) 3.1558 (2.3843)]
[0m 3s (360 60%) 3.1558 (2.3843)]
[0m 3s (361 60%) 3.1539 (2.4677)]
[0m 3s (363 60%) 3.1518 (2.2669)]
[0m 3s (365 60%) 3.1512 (2.8080)]
[0m 3s (366 61%) 3.1498 (2.6443)]
[0m 3s (366 61%) 3.1498 (2.6443)]
[0m 3s (367 61%) 3.1486 (2.7312)]
[0m 3s (368 61%) 3.1484 (3.0501)]
[0m 3s (369 61%) 3.1463 (2.3943)]
[0m 3s (370 61%) 3.1447 (2.5268)]
[0m 3s (371 61%) 3.1437 (2.7867)]
[0m 3s (372 62%) 3.1416 (2.3845)]
[0m 3s (372 62%) 3.1416 (2.3845)]
[0m 3s (373 62%) 3.1399 (2.4768)]
[0m 3s (374 62%) 3.1374 (2.2057)]
[0m 3s (375 62%) 3.1343 (1.9779)]
[0m 3s (377 62%) 3.1331 (2.5033)]
[0m 3s (378 63%) 3.1304 (2.1320)]
[0m 3s (378 63%) 3.1304 (2.1320)]
[0m 3s (379 63%) 3.1297 (2.8565)]
[0m 3s (380 63%) 3.1296 (3.0867)]
[0m 3s (381 63%) 3.1281 (2.5491)]
[0m 3s (382 63%) 3.1275 (2.9064)]
[0m 3s (383 63%) 3.1273 (3.0511)]
[0m 4s (384 64%) 3.1257 (2.5314)]
[0m 4s (384 64%) 3.1257 (2.5314)]
[0m 4s (385 64%) 3.1229 (2.0322)]
[0m 4s (386 64%) 3.1214 (2.5380)]
[0m 4s (387 64%) 3.1205 (2.7968)]
[0m 4s (390 65%) 3.1213 (2.7573)]
[0m 4s (391 65%) 3.1183 (1.9420)]
[0m 4s (392 65%) 3.1175 (2.8023)]
[0m 4s (393 65%) 3.1165 (2.7442)]
[0m 4s (394 65%) 3.1158 (2.8403)]
[0m 4s (395 65%) 3.1146 (2.6204)]
[0m 4s (396 66%) 3.1134 (2.6422)]
[0m 4s (396 66%) 3.1134 (2.6422)]
[0m 4s (397 66%) 3.1134 (3.1079)]
[0m 4s (402 67%) 3.1139 (2.4821)]
[0m 4s (404 67%) 3.1130 (2.6774)]
[0m 4s (405 67%) 3.1102 (1.9962)]
[0m 4s (406 67%) 3.1101 (3.0741)]
[0m 4s (407 67%) 3.1091 (2.6785)]
[0m 4s (408 68%) 3.1088 (3.0072)]
[0m 4s (408 68%) 3.1088 (3.0072)]
[0m 4s (409 68%) 3.1076 (2.6315)]
[0m 4s (410 68%) 3.1058 (2.3330)]
[0m 4s (411 68%) 3.1047 (2.6815)]
[0m 4s (414 69%) 3.1039 (2.4563)]
[0m 4s (414 69%) 3.1039 (2.4563)]
[0m 4s (417 69%) 3.1024 (2.3573)]
[0m 4s (418 69%) 3.1022 (3.0262)]
[0m 4s (419 69%) 3.1020 (3.0332)]
[0m 4s (420 70%) 3.1005 (2.4887)]
[0m 4s (420 70%) 3.1005 (2.4887)]
[0m 4s (421 70%) 3.0998 (2.7892)]
[0m 4s (422 70%) 3.0991 (2.8045)]
[0m 4s (423 70%) 3.0991 (3.0979)]
[0m 4s (424 70%) 3.0984 (2.7931)]
[0m 4s (425 70%) 3.0978 (2.8634)]
[0m 4s (426 71%) 3.0966 (2.5563)]
[0m 4s (426 71%) 3.0966 (2.5563)]
[0m 4s (427 71%) 3.0939 (1.9572)]
[0m 4s (428 71%) 3.0924 (2.4648)]
[0m 4s (429 71%) 3.0922 (2.9969)]
[0m 4s (430 71%) 3.0919 (2.9791)]
[0m 4s (432 72%) 3.0910 (2.1447)]
[0m 4s (432 72%) 3.0910 (2.1447)]
[0m 4s (434 72%) 3.0899 (2.3692)]
[0m 4s (435 72%) 3.0888 (2.6510)]
[0m 4s (436 72%) 3.0862 (1.9425)]
[0m 4s (438 73%) 3.0874 (3.2359)]
[0m 4s (441 73%) 3.0848 (2.3278)]
[0m 4s (442 73%) 3.0835 (2.4792)]
[0m 4s (444 74%) 3.0845 (3.1104)]
[0m 4s (445 74%) 3.0828 (2.3181)]
[0m 4s (446 74%) 3.0816 (2.5374)]
[0m 4s (449 74%) 3.0813 (2.7032)]
[0m 4s (450 75%) 3.0800 (2.4777)]
[0m 4s (450 75%) 3.0800 (2.4777)]
[0m 4s (451 75%) 3.0789 (2.5800)]
[0m 4s (452 75%) 3.0788 (3.0627)]
[0m 4s (456 76%) 3.0782 (2.4530)]
[0m 4s (456 76%) 3.0782 (2.4530)]
[0m 4s (458 76%) 3.0779 (2.7553)]
[0m 4s (462 77%) 3.0771 (2.5012)]
[0m 4s (462 77%) 3.0771 (2.5012)]
[0m 4s (463 77%) 3.0768 (2.9642)]
[0m 4s (464 77%) 3.0767 (3.0352)]
[0m 4s (465 77%) 3.0751 (2.3306)]
[0m 4s (467 77%) 3.0745 (2.7476)]
[0m 4s (468 78%) 3.0751 (3.3422)]
[0m 4s (469 78%) 3.0735 (2.3161)]
[0m 4s (471 78%) 3.0723 (2.4685)]
[0m 5s (472 78%) 3.0705 (2.2307)]
[0m 5s (473 78%) 3.0695 (2.5912)]
[0m 5s (474 79%) 3.0687 (2.6795)]
[0m 5s (474 79%) 3.0687 (2.6795)]
[0m 5s (476 79%) 3.0672 (1.9439)]
[0m 5s (477 79%) 3.0663 (2.6725)]
[0m 5s (479 79%) 3.0655 (2.5240)]
[0m 5s (480 80%) 3.0644 (2.5475)]
[0m 5s (480 80%) 3.0644 (2.5475)]
[0m 5s (481 80%) 3.0629 (2.2969)]
[0m 5s (483 80%) 3.0624 (2.6510)]
[0m 5s (486 81%) 3.0619 (2.7542)]
[0m 5s (486 81%) 3.0619 (2.7542)]
[0m 5s (487 81%) 3.0606 (2.4298)]
[0m 5s (488 81%) 3.0601 (2.8176)]
[0m 5s (489 81%) 3.0597 (2.8788)]
[0m 5s (490 81%) 3.0585 (2.4507)]
[0m 5s (491 81%) 3.0580 (2.8345)]
[0m 5s (492 82%) 3.0571 (2.5912)]
[0m 5s (492 82%) 3.0571 (2.5912)]
[0m 5s (495 82%) 3.0563 (2.2163)]
[0m 5s (496 82%) 3.0541 (1.9808)]
[0m 5s (497 82%) 3.0529 (2.4705)]
[0m 5s (498 83%) 3.0518 (2.4963)]
[0m 5s (498 83%) 3.0518 (2.4963)]
[0m 5s (499 83%) 3.0516 (2.9420)]
[0m 5s (501 83%) 3.0514 (2.7632)]
[0m 5s (502 83%) 3.0508 (2.7262)]
[0m 5s (503 83%) 3.0501 (2.7043)]
[0m 5s (504 84%) 3.0498 (2.9235)]
[0m 5s (504 84%) 3.0498 (2.9235)]
[0m 5s (505 84%) 3.0497 (2.9969)]
[0m 5s (506 84%) 3.0491 (2.7154)]
[0m 5s (507 84%) 3.0484 (2.7237)]
[0m 5s (508 84%) 3.0475 (2.5574)]
[0m 5s (509 84%) 3.0470 (2.8072)]
[0m 5s (510 85%) 3.0460 (2.5538)]
[0m 5s (510 85%) 3.0460 (2.5538)]
[0m 5s (511 85%) 3.0443 (2.1473)]
[0m 5s (513 85%) 3.0441 (2.4199)]
[0m 5s (514 85%) 3.0433 (2.6064)]
[0m 5s (515 85%) 3.0423 (2.5110)]
[0m 5s (516 86%) 3.0420 (2.9092)]
[0m 5s (516 86%) 3.0420 (2.9092)]
[0m 5s (517 86%) 3.0412 (2.6366)]
[0m 5s (518 86%) 3.0404 (2.6085)]
[0m 5s (519 86%) 3.0388 (2.2111)]
[0m 5s (520 86%) 3.0380 (2.6238)]
[0m 5s (521 86%) 3.0363 (2.1569)]
[0m 5s (522 87%) 3.0346 (2.1245)]
[0m 5s (522 87%) 3.0346 (2.1245)]
[0m 5s (523 87%) 3.0338 (2.6452)]
[0m 5s (528 88%) 3.0346 (2.3054)]
[0m 5s (529 88%) 3.0335 (2.4255)]
[0m 5s (530 88%) 3.0319 (2.1872)]
[0m 5s (531 88%) 3.0303 (2.1777)]
[0m 5s (532 88%) 3.0296 (2.6475)]
[0m 5s (533 88%) 3.0282 (2.3185)]
[0m 5s (534 89%) 3.0279 (2.8435)]
[0m 5s (534 89%) 3.0279 (2.8435)]
[0m 5s (535 89%) 3.0261 (2.0943)]
[0m 5s (536 89%) 3.0261 (3.0015)]
[0m 5s (540 90%) 3.0271 (2.3049)]
[0m 5s (541 90%) 3.0260 (2.4349)]
[0m 5s (542 90%) 3.0248 (2.3918)]
[0m 5s (543 90%) 3.0230 (2.0189)]
[0m 5s (544 90%) 3.0229 (2.9739)]
[0m 5s (545 90%) 3.0227 (2.9462)]
[0m 5s (546 91%) 3.0219 (2.5551)]
[0m 5s (546 91%) 3.0219 (2.5551)]
[0m 5s (547 91%) 3.0208 (2.4253)]
[0m 5s (548 91%) 3.0195 (2.3243)]
[0m 5s (549 91%) 3.0178 (2.0505)]
[0m 5s (550 91%) 3.0170 (2.6246)]
[0m 5s (551 91%) 3.0168 (2.8871)]
[0m 5s (552 92%) 3.0184 (3.8829)]
[0m 5s (555 92%) 3.0164 (2.7122)]
[0m 5s (556 92%) 3.0161 (2.8807)]
[0m 5s (558 93%) 3.0178 (3.3781)]
[0m 5s (560 93%) 3.0160 (2.5085)]
[0m 5s (561 93%) 3.0156 (2.7629)]
[0m 5s (562 93%) 3.0155 (2.9736)]
[0m 5s (564 94%) 3.0146 (2.5100)]
[0m 5s (564 94%) 3.0146 (2.5100)]
[0m 5s (565 94%) 3.0139 (2.5733)]
[0m 5s (566 94%) 3.0128 (2.4110)]
[0m 5s (567 94%) 3.0123 (2.7257)]
[0m 6s (570 95%) 3.0140 (2.6192)]
[0m 6s (574 95%) 3.0121 (2.2280)]
[0m 6s (576 96%) 3.0117 (2.8001)]
[0m 6s (576 96%) 3.0117 (2.8001)]
[0m 6s (577 96%) 3.0110 (2.5798)]
[0m 6s (578 96%) 3.0103 (2.6115)]
[0m 6s (579 96%) 3.0099 (2.7798)]
[0m 6s (580 96%) 3.0092 (2.5797)]
[0m 6s (581 96%) 3.0084 (2.5474)]
[0m 6s (582 97%) 3.0068 (2.1132)]
[0m 6s (582 97%) 3.0068 (2.1132)]
[0m 6s (583 97%) 3.0052 (2.0345)]
[0m 6s (585 97%) 3.0051 (2.8698)]
[0m 6s (588 98%) 3.0055 (2.8828)]
[0m 6s (589 98%) 3.0048 (2.6072)]
[0m 6s (590 98%) 3.0047 (2.9559)]
[0m 6s (591 98%) 3.0031 (2.0502)]
[0m 6s (592 98%) 3.0030 (2.9208)]
[0m 6s (593 98%) 3.0021 (2.4663)]
[0m 6s (594 99%) 3.0008 (2.2522)]
[0m 6s (594 99%) 3.0008 (2.2522)]
[0m 6s (596 99%) 3.0006 (2.7284)]
[0m 6s (600 100%) 3.0010 (2.4784)]
