Matplotlib created a temporary cache directory at /var/folders/wr/3s6jwj7x0c5_0jj7bnfg14h40000gn/T/matplotlib-dawpod28 because the default path (/Users/thaha/.matplotlib) is not a writable directory; it is highly recommended to set the MPLCONFIGDIR environment variable to a writable directory, in particular to speed up the import of Matplotlib and to better support multiprocessing.
Fontconfig error: No writable cache directories
Fontconfig error: No writable cache directories
Fontconfig error: No writable cache directories
Fontconfig error: No writable cache directories
Matplotlib is building the font cache; this may take a moment.
ONLY CPU AVAILABLE
yloo3
lucylou

Training file_len = 3234143

-----------
|  TRAIN  |
-----------

[0m 0s (1 0%) 4.6231 (4.6231)]
[0m 0s (2 0%) 4.6106 (4.5981)]
[0m 0s (3 0%) 4.5450 (4.4137)]
[0m 0s (4 0%) 4.4384 (4.1187)]
[0m 0s (5 0%) 4.3421 (3.9570)]
[0m 0s (10 1%) 4.4908 (4.9144)]
[0m 0s (20 2%) 4.3423 (3.8866)]
[0m 0s (21 2%) 4.3290 (4.0620)]
[0m 0s (22 2%) 4.3178 (4.0840)]
[0m 0s (23 2%) 4.3068 (4.0642)]
[0m 0s (24 2%) 4.2983 (4.1034)]
[0m 0s (25 2%) 4.2599 (3.3383)]
[0m 0s (26 2%) 4.2532 (4.0840)]
[0m 0s (27 2%) 4.2237 (3.4575)]
[0m 0s (28 2%) 4.1940 (3.3916)]
[0m 0s (29 2%) 4.1597 (3.1989)]
[0m 0s (30 3%) 4.1529 (3.9563)]
[0m 0s (30 3%) 4.1529 (3.9563)]
[0m 0s (38 3%) 4.1491 (3.7407)]
[0m 0s (39 3%) 4.1406 (3.8187)]
[0m 0s (40 4%) 4.1352 (3.9236)]
[0m 0s (40 4%) 4.1352 (3.9236)]
[0m 0s (42 4%) 4.1191 (3.3353)]
[0m 0s (43 4%) 4.0929 (2.9915)]
[0m 0s (44 4%) 4.0843 (3.7115)]
[0m 0s (45 4%) 4.0706 (3.4699)]
[0m 0s (46 4%) 4.0440 (2.8466)]
[0m 0s (47 4%) 4.0399 (3.8530)]
[0m 0s (48 4%) 4.0395 (4.0209)]
[0m 0s (50 5%) 4.0511 (3.5126)]
[0m 0s (53 5%) 4.0342 (3.4188)]
[0m 0s (54 5%) 4.0306 (3.8407)]
[0m 0s (55 5%) 4.0272 (3.8422)]
[0m 0s (56 5%) 4.0073 (2.9114)]
[0m 0s (57 5%) 4.0001 (3.6021)]
[0m 0s (58 5%) 3.9848 (3.1126)]
[0m 0s (59 5%) 3.9626 (2.6715)]
[0m 0s (60 6%) 3.9495 (3.1795)]
[0m 0s (60 6%) 3.9495 (3.1795)]
[0m 0s (61 6%) 3.9308 (2.8060)]
[0m 0s (62 6%) 3.9181 (3.1441)]
[0m 0s (63 6%) 3.9096 (3.3802)]
[0m 0s (64 6%) 3.9006 (3.3339)]
[0m 0s (65 6%) 3.8881 (3.0914)]
[0m 0s (66 6%) 3.8762 (3.1018)]
[0m 0s (67 6%) 3.8688 (3.3829)]
[0m 0s (68 6%) 3.8575 (3.0948)]
[0m 0s (69 6%) 3.8544 (3.6445)]
[0m 0s (70 7%) 3.8444 (3.1563)]
[0m 0s (70 7%) 3.8444 (3.1563)]
[0m 0s (72 7%) 3.8335 (2.8314)]
[0m 0s (73 7%) 3.8277 (3.4171)]
[0m 0s (74 7%) 3.8176 (3.0738)]
[0m 0s (76 7%) 3.8162 (3.1007)]
[0m 0s (77 7%) 3.8137 (3.6207)]
[0m 0s (78 7%) 3.8039 (3.0526)]
[0m 0s (79 7%) 3.7989 (3.4037)]
[0m 0s (80 8%) 3.7979 (3.7197)]
[0m 0s (80 8%) 3.7979 (3.7197)]
[0m 0s (81 8%) 3.7882 (3.0117)]
[0m 0s (82 8%) 3.7881 (3.7852)]
[0m 0s (83 8%) 3.7870 (3.6943)]
[0m 0s (85 8%) 3.7805 (3.1624)]
[0m 0s (86 8%) 3.7788 (3.6383)]
[0m 0s (87 8%) 3.7740 (3.3546)]
[0m 0s (88 8%) 3.7738 (3.7596)]
[0m 0s (90 9%) 3.8115 (3.8364)]
[0m 1s (100 10%) 3.7729 (2.8979)]
[0m 1s (100 10%) 3.7729 (2.8979)]
[0m 1s (101 10%) 3.7703 (3.5174)]
[0m 1s (102 10%) 3.7675 (3.4773)]
[0m 1s (103 10%) 3.7622 (3.2294)]
[0m 1s (104 10%) 3.7544 (2.9481)]
[0m 1s (105 10%) 3.7439 (2.6531)]
[0m 1s (106 10%) 3.7417 (3.5106)]
[0m 1s (107 10%) 3.7367 (3.2092)]
[0m 1s (109 10%) 3.7295 (2.7393)]
[0m 1s (110 11%) 3.7267 (3.4218)]
[0m 1s (110 11%) 3.7267 (3.4218)]
[0m 1s (111 11%) 3.7192 (2.9006)]
[0m 1s (112 11%) 3.7190 (3.6950)]
[0m 1s (113 11%) 3.7182 (3.6290)]
[0m 1s (114 11%) 3.7162 (3.4888)]
[0m 1s (115 11%) 3.7123 (3.2612)]
[0m 1s (116 11%) 3.7114 (3.6178)]
[0m 1s (118 11%) 3.7089 (3.3478)]
[0m 1s (120 12%) 3.7070 (3.4718)]
[0m 1s (120 12%) 3.7070 (3.4718)]
[0m 1s (121 12%) 3.7061 (3.6025)]
[0m 1s (130 13%) 3.7128 (4.1457)]
[0m 1s (135 13%) 3.7040 (3.3474)]
[0m 1s (136 13%) 3.6976 (2.8246)]
[0m 1s (139 13%) 3.6937 (3.0629)]
[0m 1s (140 14%) 3.6923 (3.4859)]
[0m 1s (140 14%) 3.6923 (3.4859)]
[0m 1s (142 14%) 3.6892 (3.2130)]
[0m 1s (143 14%) 3.6859 (3.2228)]
[0m 1s (144 14%) 3.6806 (2.9311)]
[0m 1s (145 14%) 3.6779 (3.2755)]
[0m 1s (146 14%) 3.6734 (3.0252)]
[0m 1s (147 14%) 3.6700 (3.1786)]
[0m 1s (150 15%) 3.6681 (3.0183)]
[0m 1s (150 15%) 3.6681 (3.0183)]
[0m 1s (151 15%) 3.6667 (3.4689)]
[0m 1s (153 15%) 3.6612 (2.7365)]
[0m 1s (154 15%) 3.6568 (2.9887)]
[0m 1s (155 15%) 3.6558 (3.4933)]
[0m 1s (160 16%) 3.6678 (3.0803)]
[0m 1s (166 16%) 3.6533 (3.0236)]
[0m 1s (167 16%) 3.6494 (3.0127)]
[0m 1s (168 16%) 3.6487 (3.5228)]
[0m 1s (169 16%) 3.6461 (3.2044)]
[0m 1s (170 17%) 3.6398 (2.5868)]
[0m 1s (170 17%) 3.6398 (2.5868)]
[0m 1s (172 17%) 3.6373 (3.2124)]
[0m 1s (174 17%) 3.6359 (3.1953)]
[0m 1s (175 17%) 3.6272 (2.1189)]
[0m 1s (177 17%) 3.6258 (3.3151)]
[0m 1s (178 17%) 3.6228 (3.0806)]
[0m 1s (179 17%) 3.6208 (3.2691)]
[0m 1s (180 18%) 3.6209 (3.6510)]
[0m 1s (181 18%) 3.6187 (3.2224)]
[0m 1s (182 18%) 3.6168 (3.2701)]
[0m 1s (184 18%) 3.6133 (2.6569)]
[0m 2s (190 19%) 3.6278 (5.0111)]
[0m 2s (200 20%) 3.6143 (3.2931)]
[0m 2s (210 21%) 3.6211 (3.1987)]
[0m 2s (218 21%) 3.6131 (2.9606)]
[0m 2s (219 21%) 3.6130 (3.5775)]
[0m 2s (220 22%) 3.6097 (2.8978)]
[0m 2s (220 22%) 3.6097 (2.8978)]
[0m 2s (221 22%) 3.6075 (3.1114)]
[0m 2s (222 22%) 3.6072 (3.5551)]
[0m 2s (223 22%) 3.6032 (2.7092)]
[0m 2s (224 22%) 3.6000 (2.8885)]
[0m 2s (225 22%) 3.5963 (2.7612)]
[0m 2s (226 22%) 3.5958 (3.4868)]
[0m 2s (228 22%) 3.5934 (2.8458)]
[0m 2s (230 23%) 3.5993 (3.8045)]
[0m 2s (240 24%) 3.5933 (3.2951)]
[0m 2s (240 24%) 3.5933 (3.2951)]
[0m 2s (250 25%) 3.5932 (3.4188)]
[0m 2s (250 25%) 3.5932 (3.4188)]
[0m 2s (252 25%) 3.5921 (3.2765)]
[0m 2s (256 25%) 3.5914 (3.3303)]
[0m 2s (257 25%) 3.5890 (2.9775)]
[0m 2s (258 25%) 3.5866 (2.9711)]
[0m 2s (259 25%) 3.5827 (2.5910)]
[0m 2s (260 26%) 3.5782 (2.3979)]
[0m 2s (260 26%) 3.5782 (2.3979)]
[0m 2s (261 26%) 3.5749 (2.7359)]
[0m 2s (262 26%) 3.5734 (3.1602)]
[0m 2s (264 26%) 3.5724 (3.0379)]
[0m 2s (270 27%) 3.5753 (3.2923)]
[0m 2s (272 27%) 3.5723 (3.2237)]
[0m 2s (273 27%) 3.5712 (3.2763)]
[0m 2s (275 27%) 3.5702 (3.3043)]
[0m 2s (276 27%) 3.5692 (3.2890)]
[0m 2s (277 27%) 3.5679 (3.2125)]
[0m 2s (278 27%) 3.5669 (3.2936)]
[0m 2s (279 27%) 3.5661 (3.3403)]
[0m 2s (280 28%) 3.5647 (3.1602)]
[0m 2s (280 28%) 3.5647 (3.1602)]
[0m 2s (283 28%) 3.5637 (3.0136)]
[0m 2s (284 28%) 3.5610 (2.8014)]
[0m 2s (285 28%) 3.5597 (3.1921)]
[0m 2s (286 28%) 3.5577 (2.9832)]
[0m 2s (289 28%) 3.5570 (3.1978)]
[0m 2s (290 28%) 3.5547 (2.8887)]
[0m 2s (290 28%) 3.5547 (2.8887)]
[0m 3s (291 29%) 3.5541 (3.3956)]
[0m 3s (292 29%) 3.5524 (3.0599)]
[0m 3s (300 30%) 3.5533 (3.5121)]
[0m 3s (304 30%) 3.5519 (3.2605)]
[0m 3s (306 30%) 3.5492 (2.7012)]
[0m 3s (307 30%) 3.5479 (3.1602)]
[0m 3s (308 30%) 3.5466 (3.1546)]
[0m 3s (309 30%) 3.5462 (3.4267)]
[0m 3s (310 31%) 3.5424 (2.3503)]
[0m 3s (310 31%) 3.5424 (2.3503)]
[0m 3s (312 31%) 3.5421 (3.4493)]
[0m 3s (313 31%) 3.5384 (2.3765)]
[0m 3s (314 31%) 3.5374 (3.2224)]
[0m 3s (315 31%) 3.5357 (3.0154)]
[0m 3s (316 31%) 3.5342 (3.0486)]
[0m 3s (317 31%) 3.5337 (3.3767)]
[0m 3s (320 32%) 3.5350 (3.3819)]
[0m 3s (330 33%) 3.5404 (3.2372)]
[0m 3s (335 33%) 3.5334 (2.7998)]
[0m 3s (336 33%) 3.5320 (3.0502)]
[0m 3s (337 33%) 3.5316 (3.3994)]
[0m 3s (339 33%) 3.5299 (2.6732)]
[0m 3s (340 34%) 3.5291 (3.2912)]
[0m 3s (340 34%) 3.5291 (3.2912)]
[0m 3s (341 34%) 3.5286 (3.3428)]
[0m 3s (342 34%) 3.5280 (3.3278)]
[0m 3s (345 34%) 3.5278 (3.4045)]
[0m 3s (346 34%) 3.5277 (3.4670)]
[0m 3s (347 34%) 3.5270 (3.3039)]
[0m 3s (348 34%) 3.5263 (3.2769)]
[0m 3s (350 35%) 3.5258 (3.1852)]
[0m 3s (350 35%) 3.5258 (3.1852)]
[0m 3s (351 35%) 3.5233 (2.6529)]
[0m 3s (352 35%) 3.5209 (2.6829)]
[0m 3s (354 35%) 3.5206 (2.9093)]
[0m 3s (355 35%) 3.5204 (3.4467)]
[0m 3s (357 35%) 3.5189 (2.9783)]
[0m 3s (358 35%) 3.5172 (2.9184)]
[0m 3s (359 35%) 3.5161 (3.1160)]
[0m 3s (360 36%) 3.5155 (3.3077)]
[0m 3s (360 36%) 3.5155 (3.3077)]
[0m 3s (362 36%) 3.5144 (3.0582)]
[0m 3s (363 36%) 3.5124 (2.7809)]
[0m 3s (364 36%) 3.5114 (3.1368)]
[0m 3s (365 36%) 3.5102 (3.0753)]
[0m 3s (367 36%) 3.5090 (3.0727)]
[0m 3s (368 36%) 3.5088 (3.4336)]
[0m 3s (369 36%) 3.5087 (3.4419)]
[0m 3s (370 37%) 3.5081 (3.3193)]
[0m 3s (370 37%) 3.5081 (3.3193)]
[0m 3s (371 37%) 3.5072 (3.1472)]
[0m 3s (372 37%) 3.5067 (3.3266)]
[0m 3s (373 37%) 3.5058 (3.1628)]
[0m 3s (374 37%) 3.5041 (2.8667)]
[0m 3s (375 37%) 3.5016 (2.5785)]
[0m 3s (376 37%) 3.5004 (3.0503)]
[0m 3s (377 37%) 3.4997 (3.2538)]
[0m 3s (378 37%) 3.4995 (3.4028)]
[0m 3s (379 37%) 3.4977 (2.8072)]
[0m 3s (380 38%) 3.4953 (2.5954)]
[0m 3s (380 38%) 3.4953 (2.5954)]
[0m 3s (381 38%) 3.4939 (2.9647)]
[0m 3s (382 38%) 3.4921 (2.8122)]
[0m 3s (383 38%) 3.4915 (3.2643)]
[0m 3s (384 38%) 3.4910 (3.2943)]
[0m 3s (385 38%) 3.4901 (3.1486)]
[0m 3s (386 38%) 3.4877 (2.5753)]
[0m 3s (387 38%) 3.4870 (3.2088)]
[0m 3s (388 38%) 3.4859 (3.0523)]
[0m 3s (389 38%) 3.4849 (3.1003)]
[0m 3s (390 39%) 3.4842 (3.1944)]
[0m 3s (390 39%) 3.4842 (3.1944)]
[0m 4s (391 39%) 3.4811 (2.2732)]
[0m 4s (392 39%) 3.4797 (2.9491)]
[0m 4s (393 39%) 3.4789 (3.1709)]
[0m 4s (394 39%) 3.4772 (2.7841)]
[0m 4s (396 39%) 3.4767 (3.1438)]
[0m 4s (397 39%) 3.4764 (3.3376)]
[0m 4s (400 40%) 3.4763 (3.3830)]
[0m 4s (400 40%) 3.4763 (3.3830)]
[0m 4s (402 40%) 3.4760 (3.2380)]
[0m 4s (409 40%) 3.4756 (2.9607)]
[0m 4s (410 41%) 3.4724 (2.1731)]
[0m 4s (410 41%) 3.4724 (2.1731)]
[0m 4s (411 41%) 3.4711 (2.9332)]
[0m 4s (413 41%) 3.4703 (3.1247)]
[0m 4s (414 41%) 3.4701 (3.3561)]
[0m 4s (417 41%) 3.4700 (3.1000)]
[0m 4s (418 41%) 3.4696 (3.2887)]
[0m 4s (419 41%) 3.4676 (2.6355)]
[0m 4s (420 42%) 3.4660 (2.8071)]
[0m 4s (420 42%) 3.4660 (2.8071)]
[0m 4s (421 42%) 3.4651 (3.0764)]
[0m 4s (422 42%) 3.4636 (2.8441)]
[0m 4s (423 42%) 3.4634 (3.3761)]
[0m 4s (430 43%) 3.4744 (4.9106)]
[0m 4s (440 44%) 3.4757 (3.8400)]
[0m 4s (450 45%) 3.4715 (2.9340)]
[0m 4s (460 46%) 3.4689 (3.9207)]
[0m 4s (470 47%) 3.4669 (3.0404)]
[0m 4s (477 47%) 3.4619 (2.6080)]
[0m 4s (480 48%) 3.4628 (3.2267)]
[0m 4s (489 48%) 3.4610 (2.8649)]
[0m 4s (490 49%) 3.4606 (3.2507)]
[0m 4s (490 49%) 3.4606 (3.2507)]
[0m 5s (491 49%) 3.4603 (3.3485)]
[0m 5s (494 49%) 3.4597 (2.8914)]
[0m 5s (495 49%) 3.4589 (3.0525)]
[0m 5s (498 49%) 3.4583 (2.4797)]
[0m 5s (499 49%) 3.4581 (3.3724)]
[0m 5s (500 50%) 3.4582 (3.5163)]
[0m 5s (501 50%) 3.4564 (2.5177)]
[0m 5s (502 50%) 3.4562 (3.3755)]
[0m 5s (504 50%) 3.4558 (3.1884)]
[0m 5s (506 50%) 3.4550 (2.9491)]
[0m 5s (507 50%) 3.4541 (2.9731)]
[0m 5s (508 50%) 3.4537 (3.2410)]
[0m 5s (509 50%) 3.4534 (3.2894)]
[0m 5s (510 51%) 3.4518 (2.6573)]
[0m 5s (510 51%) 3.4518 (2.6573)]
[0m 5s (511 51%) 3.4509 (3.0090)]
[0m 5s (513 51%) 3.4503 (3.0994)]
[0m 5s (515 51%) 3.4502 (3.3254)]
[0m 5s (519 51%) 3.4494 (2.9954)]
[0m 5s (520 52%) 3.4486 (3.0385)]
[0m 5s (520 52%) 3.4486 (3.0385)]
[0m 5s (524 52%) 3.4485 (2.9920)]
[0m 5s (525 52%) 3.4475 (2.9540)]
[0m 5s (526 52%) 3.4467 (3.0203)]
[0m 5s (528 52%) 3.4451 (2.4900)]
[0m 5s (530 53%) 3.4459 (3.6131)]
[0m 5s (540 54%) 3.4458 (3.8013)]
[0m 5s (543 54%) 3.4448 (2.7584)]
[0m 5s (546 54%) 3.4442 (3.0274)]
[0m 5s (550 55%) 3.4523 (3.1865)]
[0m 5s (560 56%) 3.4504 (3.2697)]
[0m 5s (570 56%) 3.4487 (3.0723)]
[0m 5s (580 57%) 3.4482 (3.6243)]
[0m 5s (589 58%) 3.4441 (3.0805)]
[0m 5s (590 59%) 3.4449 (3.9348)]
[0m 6s (600 60%) 3.4472 (3.5477)]
[0m 6s (610 61%) 3.4485 (3.5816)]
[0m 6s (620 62%) 3.4441 (2.7910)]
[0m 6s (620 62%) 3.4441 (2.7910)]
[0m 6s (621 62%) 3.4434 (3.0204)]
[0m 6s (622 62%) 3.4430 (3.1740)]
[0m 6s (623 62%) 3.4429 (3.3655)]
[0m 6s (625 62%) 3.4424 (3.0297)]
[0m 6s (627 62%) 3.4411 (2.4988)]
[0m 6s (628 62%) 3.4408 (3.2423)]
[0m 6s (629 62%) 3.4405 (3.2940)]
[0m 6s (630 63%) 3.4408 (3.5736)]
[0m 6s (634 63%) 3.4402 (3.1287)]
[0m 6s (635 63%) 3.4395 (3.0035)]
[0m 6s (636 63%) 3.4387 (2.9074)]
[0m 6s (637 63%) 3.4378 (2.8535)]
[0m 6s (638 63%) 3.4371 (3.0281)]
[0m 6s (639 63%) 3.4358 (2.5704)]
[0m 6s (640 64%) 3.4349 (2.9028)]
[0m 6s (640 64%) 3.4349 (2.9028)]
[0m 6s (641 64%) 3.4347 (3.2755)]
[0m 6s (650 65%) 3.4351 (2.9137)]
[0m 6s (652 65%) 3.4346 (3.1236)]
[0m 6s (653 65%) 3.4344 (3.3415)]
[0m 6s (658 65%) 3.4344 (3.2452)]
[0m 6s (659 65%) 3.4340 (3.1451)]
[0m 6s (660 66%) 3.4326 (2.5528)]
[0m 6s (660 66%) 3.4326 (2.5528)]
[0m 6s (668 66%) 3.4325 (2.5618)]
[0m 6s (669 66%) 3.4322 (3.2671)]
[0m 6s (670 67%) 3.4322 (3.4233)]
[0m 6s (670 67%) 3.4322 (3.4233)]
[0m 6s (671 67%) 3.4316 (3.0456)]
[0m 6s (673 67%) 3.4316 (3.0696)]
[0m 6s (676 67%) 3.4315 (3.2391)]
[0m 6s (677 67%) 3.4300 (2.4034)]
[0m 6s (680 68%) 3.4293 (2.9073)]
[0m 6s (680 68%) 3.4293 (2.9073)]
[0m 6s (681 68%) 3.4293 (3.3894)]
[0m 6s (682 68%) 3.4290 (3.2519)]
[0m 6s (686 68%) 3.4283 (2.7179)]
[0m 6s (687 68%) 3.4281 (3.2878)]
[0m 6s (688 68%) 3.4272 (2.8554)]
[0m 6s (689 68%) 3.4270 (3.2725)]
[0m 7s (690 69%) 3.4266 (3.1317)]
[0m 7s (690 69%) 3.4266 (3.1317)]
[0m 7s (692 69%) 3.4261 (3.0178)]
[0m 7s (694 69%) 3.4259 (2.5996)]
[0m 7s (699 69%) 3.4253 (2.9021)]
[0m 7s (700 70%) 3.4263 (4.1562)]
[0m 7s (701 70%) 3.4252 (2.6813)]
[0m 7s (702 70%) 3.4248 (3.1369)]
[0m 7s (703 70%) 3.4241 (2.8895)]
[0m 7s (704 70%) 3.4238 (3.2394)]
[0m 7s (705 70%) 3.4238 (3.4094)]
[0m 7s (706 70%) 3.4233 (3.0712)]
[0m 7s (707 70%) 3.4227 (2.9772)]
[0m 7s (708 70%) 3.4217 (2.7408)]
[0m 7s (709 70%) 3.4214 (3.2235)]
[0m 7s (710 71%) 3.4236 (4.9785)]
[0m 7s (720 72%) 3.4214 (2.9096)]
[0m 7s (720 72%) 3.4214 (2.9096)]
[0m 7s (721 72%) 3.4212 (3.2601)]
[0m 7s (722 72%) 3.4207 (3.0884)]
[0m 7s (730 73%) 3.4248 (3.7620)]
[0m 7s (740 74%) 3.4237 (4.1740)]
[0m 7s (750 75%) 3.4235 (3.7223)]
[0m 7s (759 75%) 3.4205 (3.0290)]
[0m 7s (760 76%) 3.4202 (3.2529)]
[0m 7s (760 76%) 3.4202 (3.2529)]
[0m 7s (761 76%) 3.4201 (3.3201)]
[0m 7s (770 77%) 3.4265 (5.2320)]
[0m 7s (780 78%) 3.4261 (3.0802)]
[0m 8s (790 79%) 3.4230 (3.5480)]
[0m 8s (800 80%) 3.4214 (3.3421)]
[0m 8s (810 81%) 3.4209 (2.9819)]
[0m 8s (811 81%) 3.4200 (2.6527)]
[0m 8s (812 81%) 3.4185 (2.1689)]
[0m 8s (813 81%) 3.4181 (3.1361)]
[0m 8s (814 81%) 3.4181 (3.4078)]
[0m 8s (815 81%) 3.4176 (3.0543)]
[0m 8s (816 81%) 3.4169 (2.8304)]
[0m 8s (819 81%) 3.4166 (3.0862)]
[0m 8s (820 82%) 3.4198 (6.0340)]
[0m 8s (830 83%) 3.4170 (3.2263)]
[0m 8s (831 83%) 3.4165 (2.9937)]
[0m 8s (832 83%) 3.4161 (3.0502)]
[0m 8s (833 83%) 3.4157 (3.1393)]
[0m 8s (834 83%) 3.4151 (2.8495)]
[0m 8s (840 84%) 3.4159 (3.2420)]
[0m 8s (844 84%) 3.4150 (2.9263)]
[0m 8s (845 84%) 3.4146 (3.0376)]
[0m 8s (846 84%) 3.4145 (3.3471)]
[0m 8s (847 84%) 3.4140 (3.0029)]
[0m 8s (848 84%) 3.4134 (2.8535)]
[0m 8s (849 84%) 3.4128 (2.9243)]
[0m 8s (850 85%) 3.4125 (3.2013)]
[0m 8s (850 85%) 3.4125 (3.2013)]
[0m 8s (852 85%) 3.4118 (2.5946)]
[0m 8s (855 85%) 3.4113 (2.9607)]
[0m 8s (856 85%) 3.4108 (2.9828)]
[0m 8s (857 85%) 3.4102 (2.8890)]
[0m 8s (858 85%) 3.4091 (2.5404)]
[0m 8s (860 86%) 3.4092 (3.4147)]
[0m 8s (861 86%) 3.4086 (2.9177)]
[0m 8s (862 86%) 3.4072 (2.2182)]
[0m 8s (863 86%) 3.4067 (2.9189)]
[0m 8s (864 86%) 3.4065 (3.2914)]
[0m 8s (870 87%) 3.4078 (3.4163)]
[0m 8s (875 87%) 3.4061 (2.5586)]
[0m 8s (876 87%) 3.4059 (3.2072)]
[0m 8s (877 87%) 3.4054 (3.0105)]
[0m 8s (878 87%) 3.4054 (3.3774)]
[0m 8s (880 88%) 3.4063 (3.2570)]
[0m 8s (889 88%) 3.4046 (2.3998)]
[0m 9s (890 89%) 3.4050 (3.8247)]
[0m 9s (893 89%) 3.4036 (2.2820)]
[0m 9s (894 89%) 3.4027 (2.6112)]
[0m 9s (895 89%) 3.4027 (3.3536)]
[0m 9s (900 90%) 3.4034 (3.5197)]
[0m 9s (903 90%) 3.4026 (3.1909)]
[0m 9s (904 90%) 3.4021 (2.9856)]
[0m 9s (905 90%) 3.4020 (3.2956)]
[0m 9s (906 90%) 3.4017 (3.1569)]
[0m 9s (908 90%) 3.4011 (2.8192)]
[0m 9s (909 90%) 3.4011 (3.3424)]
[0m 9s (910 91%) 3.4012 (3.4684)]
[0m 9s (911 91%) 3.4010 (3.2295)]
[0m 9s (913 91%) 3.4004 (2.7859)]
[0m 9s (914 91%) 3.4001 (3.1605)]
[0m 9s (915 91%) 3.3997 (2.9540)]
[0m 9s (916 91%) 3.3991 (2.8914)]
[0m 9s (918 91%) 3.3991 (3.1422)]
[0m 9s (919 91%) 3.3987 (3.0834)]
[0m 9s (920 92%) 3.3978 (2.5532)]
[0m 9s (920 92%) 3.3978 (2.5532)]
[0m 9s (927 92%) 3.3976 (2.6829)]
[0m 9s (928 92%) 3.3973 (3.1405)]
[0m 9s (929 92%) 3.3967 (2.7846)]
[0m 9s (930 93%) 3.3965 (3.2545)]
[0m 9s (930 93%) 3.3965 (3.2545)]
[0m 9s (931 93%) 3.3955 (2.4676)]
[0m 9s (932 93%) 3.3952 (3.0701)]
[0m 9s (934 93%) 3.3946 (2.6871)]
[0m 9s (935 93%) 3.3939 (2.7068)]
[0m 9s (936 93%) 3.3935 (3.0258)]
[0m 9s (937 93%) 3.3930 (2.8712)]
[0m 9s (939 93%) 3.3928 (3.1806)]
[0m 9s (940 94%) 3.3913 (1.9144)]
[0m 9s (940 94%) 3.3913 (1.9144)]
[0m 9s (941 94%) 3.3910 (3.1681)]
[0m 9s (942 94%) 3.3900 (2.4368)]
[0m 9s (943 94%) 3.3890 (2.4415)]
[0m 9s (944 94%) 3.3887 (3.1517)]
[0m 9s (945 94%) 3.3882 (2.8456)]
[0m 9s (946 94%) 3.3875 (2.7052)]
[0m 9s (947 94%) 3.3867 (2.6956)]
[0m 9s (948 94%) 3.3863 (2.9926)]
[0m 9s (950 95%) 3.3850 (1.9893)]
[0m 9s (950 95%) 3.3850 (1.9893)]
[0m 9s (951 95%) 3.3845 (2.8888)]
[0m 9s (954 95%) 3.3842 (2.9370)]
[0m 9s (955 95%) 3.3842 (3.3457)]
[0m 9s (960 96%) 3.3854 (3.5632)]
[0m 9s (970 97%) 3.3861 (3.0868)]
[0m 9s (980 98%) 3.3844 (3.5128)]
[0m 9s (981 98%) 3.3838 (2.8155)]
[0m 9s (982 98%) 3.3834 (2.9903)]
[0m 9s (983 98%) 3.3830 (2.9333)]
[0m 9s (985 98%) 3.3830 (3.1231)]
[0m 9s (986 98%) 3.3824 (2.8310)]
[0m 9s (990 99%) 3.3822 (3.0010)]
[0m 9s (990 99%) 3.3822 (3.0010)]
[0m 10s (992 99%) 3.3815 (2.5717)]
[0m 10s (1000 100%) 3.3821 (3.2892)]
