ONLY CPU AVAILABLE
Corpus split:
  - Train: 2,587,314 chars (80%)
  - Validation: 323,414 chars (10%)
  - Test: 323,415 chars (10%)

Total corpus: 3,234,143 chars
Model: LSTM (Layers: 3, Hidden: 256)

-----------
|  TRAIN  |
-----------

[0m 3s (100 12%) Train Loss: 3.6294]
[0m 7s (200 25%) Train Loss: 3.4781]
[0m 10s (300 37%) Train Loss: 3.3522]
[0m 14s (400 50%) Train Loss: 3.1670]
[0m 18s (500 62%) Train Loss: 2.9907]
  [Validation] Loss: 3.2336 | Perplexité: 25.37
  -> Meilleur modèle sauvegardé! (Val Loss: 3.2336)
[0m 21s (600 75%) Train Loss: 2.9421]
[0m 25s (700 87%) Train Loss: 2.9585]
[0m 29s (800 100%) Train Loss: 2.9238]

------------
|   TEST   |
------------
Test Loss: 3.2501
Test Perplexité: 25.79

Training Complete. Best model saved to lstmPwd_3_256.pt
