Matplotlib created a temporary cache directory at /var/folders/wr/3s6jwj7x0c5_0jj7bnfg14h40000gn/T/matplotlib-askujl9r because the default path (/Users/thaha/.matplotlib) is not a writable directory; it is highly recommended to set the MPLCONFIGDIR environment variable to a writable directory, in particular to speed up the import of Matplotlib and to better support multiprocessing.
Fontconfig error: No writable cache directories
Fontconfig error: No writable cache directories
Fontconfig error: No writable cache directories
Fontconfig error: No writable cache directories
Matplotlib is building the font cache; this may take a moment.
ONLY CPU AVAILABLE
mortal blessin
Training file_len = 1115394

-----------
|  TRAIN  |
-----------

[0m 0s (1 0%) 4.6174 (4.6174)]
[0m 0s (3 0%) 4.5931 (4.5398)]
[0m 0s (4 0%) 4.3798 (3.7401)]
[0m 0s (5 0%) 4.1640 (3.3009)]
[0m 0s (6 1%) 4.0263 (3.3377)]
[0m 0s (6 1%) 4.0263 (3.3377)]
[0m 0s (7 1%) 4.0196 (3.9794)]
[0m 0s (8 1%) 3.9676 (3.6036)]
[0m 0s (12 2%) 3.9572 (3.5033)]
[0m 0s (12 2%) 3.9572 (3.5033)]
[0m 0s (18 3%) 3.9824 (4.0307)]
[0m 0s (19 3%) 3.9413 (3.2010)]
[0m 0s (20 3%) 3.9001 (3.1160)]
[0m 0s (22 3%) 3.8595 (2.6877)]
[0m 0s (23 3%) 3.8286 (3.1489)]
[0m 0s (24 4%) 3.8053 (3.2691)]
[0m 0s (24 4%) 3.8053 (3.2691)]
[0m 0s (25 4%) 3.7862 (3.3269)]
[0m 0s (26 4%) 3.7811 (3.6543)]
[0m 0s (27 4%) 3.7584 (3.1677)]
[0m 0s (30 5%) 3.8255 (3.3317)]
[0m 0s (36 6%) 3.8001 (3.6204)]
[0m 0s (39 6%) 3.7438 (3.0756)]
[0m 0s (40 6%) 3.7267 (3.0599)]
[0m 0s (41 6%) 3.7086 (2.9838)]
[0m 0s (42 7%) 3.7108 (3.8022)]
[0m 0s (48 8%) 3.7297 (3.3684)]
[0m 0s (50 8%) 3.7014 (2.9162)]
[0m 0s (53 8%) 3.6900 (2.6958)]
[0m 0s (54 9%) 3.6938 (3.8931)]
[0m 0s (58 9%) 3.6865 (3.1002)]
[0m 0s (59 9%) 3.6831 (3.4850)]
[0m 0s (60 10%) 3.6657 (2.6399)]
[0m 0s (60 10%) 3.6657 (2.6399)]
[0m 0s (66 11%) 3.7169 (3.2354)]
[0m 0s (72 12%) 3.7026 (3.8635)]
[0m 0s (78 13%) 3.6906 (3.3643)]
[0m 1s (84 14%) 3.6972 (3.1733)]
[0m 1s (90 15%) 3.7016 (3.1208)]
[0m 1s (96 16%) 3.6913 (3.7777)]
[0m 1s (101 16%) 3.6652 (2.9334)]
[0m 1s (102 17%) 3.6624 (3.3822)]
[0m 1s (102 17%) 3.6624 (3.3822)]
[0m 1s (103 17%) 3.6566 (3.0592)]
[0m 1s (104 17%) 3.6463 (2.5891)]
[0m 1s (105 17%) 3.6431 (3.3055)]
[0m 1s (106 17%) 3.6368 (2.9742)]
[0m 1s (107 17%) 3.6305 (2.9674)]
[0m 1s (108 18%) 3.6276 (3.3184)]
[0m 1s (108 18%) 3.6276 (3.3184)]
[0m 1s (110 18%) 3.6194 (2.6805)]
[0m 1s (111 18%) 3.6135 (2.9616)]
[0m 1s (112 18%) 3.6026 (2.3973)]
[0m 1s (113 18%) 3.5989 (3.1822)]
[0m 1s (114 19%) 3.6163 (5.5838)]
[0m 1s (119 19%) 3.5981 (3.2118)]
[0m 1s (120 20%) 3.6007 (3.9146)]
[0m 1s (121 20%) 3.5938 (2.7646)]
[0m 1s (122 20%) 3.5868 (2.7412)]
[0m 1s (126 21%) 3.5995 (4.3576)]
[0m 1s (132 22%) 3.6000 (3.4320)]
[0m 1s (135 22%) 3.5842 (2.8910)]
[0m 1s (136 22%) 3.5814 (3.1926)]
[0m 1s (137 22%) 3.5785 (3.1852)]
[0m 1s (138 23%) 3.5732 (2.8554)]
[0m 1s (138 23%) 3.5732 (2.8554)]
[0m 1s (139 23%) 3.5683 (2.8938)]
[0m 1s (140 23%) 3.5648 (3.0671)]
[0m 1s (141 23%) 3.5594 (2.8100)]
[0m 1s (142 23%) 3.5538 (2.7621)]
[0m 1s (144 24%) 3.5563 (3.7999)]
[0m 1s (147 24%) 3.5534 (3.3735)]
[0m 1s (148 24%) 3.5484 (2.7988)]
[0m 1s (149 24%) 3.5471 (3.3603)]
[0m 1s (150 25%) 3.5449 (3.2206)]
[0m 1s (150 25%) 3.5449 (3.2206)]
[0m 1s (155 25%) 3.5443 (3.3519)]
[0m 1s (156 26%) 3.5413 (3.0771)]
[0m 1s (156 26%) 3.5413 (3.0771)]
[0m 1s (157 26%) 3.5369 (2.8438)]
[0m 1s (158 26%) 3.5351 (3.2512)]
[0m 1s (162 27%) 3.5379 (3.4337)]
[0m 2s (166 27%) 3.5309 (2.3861)]
[0m 2s (167 27%) 3.5295 (3.2997)]
[0m 2s (168 28%) 3.5376 (4.8816)]
[0m 2s (174 28%) 3.5446 (5.3766)]
[0m 2s (180 30%) 3.5278 (2.7266)]
[0m 2s (180 30%) 3.5278 (2.7266)]
[0m 2s (184 30%) 3.5245 (2.7292)]
[0m 2s (185 30%) 3.5213 (2.9483)]
[0m 2s (186 31%) 3.5218 (3.5990)]
[0m 2s (187 31%) 3.5186 (2.9254)]
[0m 2s (188 31%) 3.5145 (2.7550)]
[0m 2s (189 31%) 3.5094 (2.5499)]
[0m 2s (190 31%) 3.5053 (2.7268)]
[0m 2s (191 31%) 3.5017 (2.8165)]
[0m 2s (192 32%) 3.5017 (3.4996)]
[0m 2s (192 32%) 3.5017 (3.4996)]
[0m 2s (193 32%) 3.5004 (3.2461)]
[0m 2s (194 32%) 3.4985 (3.1454)]
[0m 2s (195 32%) 3.4956 (2.9314)]
[0m 2s (196 32%) 3.4921 (2.8152)]
[0m 2s (197 32%) 3.4881 (2.6938)]
[0m 2s (198 33%) 3.4852 (2.9256)]
[0m 2s (198 33%) 3.4852 (2.9256)]
[0m 2s (199 33%) 3.4836 (3.1589)]
[0m 2s (200 33%) 3.4800 (2.7528)]
[0m 2s (201 33%) 3.4786 (3.2016)]
[0m 2s (202 33%) 3.4784 (3.4501)]
[0m 2s (203 33%) 3.4768 (3.1570)]
[0m 2s (204 34%) 3.4723 (2.5474)]
[0m 2s (204 34%) 3.4723 (2.5474)]
[0m 2s (206 34%) 3.4703 (2.8566)]
[0m 2s (207 34%) 3.4680 (2.9908)]
[0m 2s (208 34%) 3.4659 (3.0142)]
[0m 2s (209 34%) 3.4643 (3.1414)]
[0m 2s (210 35%) 3.4605 (2.6627)]
[0m 2s (210 35%) 3.4605 (2.6627)]
[0m 2s (211 35%) 3.4586 (3.0611)]
[0m 2s (212 35%) 3.4555 (2.8013)]
[0m 2s (213 35%) 3.4539 (3.1081)]
[0m 2s (216 36%) 3.4647 (2.7624)]
[0m 2s (222 37%) 3.4642 (3.8137)]
[0m 2s (226 37%) 3.4538 (2.9929)]
[0m 2s (227 37%) 3.4529 (3.2662)]
[0m 2s (228 38%) 3.4517 (3.1620)]
[0m 2s (228 38%) 3.4517 (3.1620)]
[0m 2s (229 38%) 3.4507 (3.2265)]
[0m 2s (230 38%) 3.4494 (3.1521)]
[0m 2s (231 38%) 3.4466 (2.7986)]
[0m 2s (232 38%) 3.4447 (3.0140)]
[0m 2s (233 38%) 3.4416 (2.7308)]
[0m 2s (234 39%) 3.4400 (3.0613)]
[0m 2s (234 39%) 3.4400 (3.0613)]
[0m 2s (235 39%) 3.4376 (2.8762)]
[0m 2s (236 39%) 3.4352 (2.8667)]
[0m 2s (237 39%) 3.4311 (2.4779)]
[0m 2s (238 39%) 3.4292 (2.9664)]
[0m 2s (239 39%) 3.4262 (2.7028)]
[0m 2s (240 40%) 3.4249 (3.1170)]
[0m 2s (240 40%) 3.4249 (3.1170)]
[0m 2s (241 40%) 3.4237 (3.1385)]
[0m 2s (242 40%) 3.4236 (3.4045)]
[0m 2s (243 40%) 3.4212 (2.8406)]
[0m 2s (244 40%) 3.4198 (3.0865)]
[0m 2s (246 41%) 3.4214 (3.3084)]
[0m 2s (251 41%) 3.4187 (2.4026)]
[0m 2s (252 42%) 3.4172 (3.0380)]
[0m 2s (252 42%) 3.4172 (3.0380)]
[0m 2s (253 42%) 3.4169 (3.3335)]
[0m 2s (254 42%) 3.4147 (2.8523)]
[0m 2s (255 42%) 3.4103 (2.3025)]
[0m 2s (256 42%) 3.4088 (3.0210)]
[0m 2s (257 42%) 3.4075 (3.0702)]
[0m 3s (258 43%) 3.4044 (2.6077)]
[0m 3s (258 43%) 3.4044 (2.6077)]
[0m 3s (259 43%) 3.4026 (2.9495)]
[0m 3s (260 43%) 3.3994 (2.5693)]
[0m 3s (261 43%) 3.3958 (2.4526)]
[0m 3s (263 43%) 3.3934 (2.7343)]
[0m 3s (264 44%) 3.3917 (2.9234)]
[0m 3s (264 44%) 3.3917 (2.9234)]
[0m 3s (267 44%) 3.3872 (2.1712)]
[0m 3s (268 44%) 3.3867 (3.2469)]
[0m 3s (269 44%) 3.3849 (2.9217)]
[0m 3s (270 45%) 3.3835 (2.9842)]
[0m 3s (270 45%) 3.3835 (2.9842)]
[0m 3s (271 45%) 3.3829 (3.2253)]
[0m 3s (272 45%) 3.3827 (3.3345)]
[0m 3s (273 45%) 3.3818 (3.1247)]
[0m 3s (274 45%) 3.3795 (2.7637)]
[0m 3s (275 45%) 3.3769 (2.6584)]
[0m 3s (276 46%) 3.3764 (3.2473)]
[0m 3s (276 46%) 3.3764 (3.2473)]
[0m 3s (277 46%) 3.3758 (3.2219)]
[0m 3s (278 46%) 3.3739 (2.8234)]
[0m 3s (279 46%) 3.3704 (2.4190)]
[0m 3s (280 46%) 3.3687 (2.8758)]
[0m 3s (282 47%) 3.3681 (3.1598)]
[0m 3s (282 47%) 3.3681 (3.1598)]
[0m 3s (284 47%) 3.3660 (2.4694)]
[0m 3s (285 47%) 3.3655 (3.2027)]
[0m 3s (286 47%) 3.3635 (2.8115)]
[0m 3s (287 47%) 3.3606 (2.5132)]
[0m 3s (288 48%) 3.3576 (2.5118)]
[0m 3s (288 48%) 3.3576 (2.5118)]
[0m 3s (289 48%) 3.3574 (3.2866)]
[0m 3s (291 48%) 3.3566 (2.7764)]
[0m 3s (294 49%) 3.3591 (3.3005)]
[0m 3s (299 49%) 3.3563 (2.3390)]
[0m 3s (300 50%) 3.3585 (4.0106)]
[0m 3s (304 50%) 3.3563 (3.0543)]
[0m 3s (305 50%) 3.3554 (3.0661)]
[0m 3s (306 51%) 3.3531 (2.6485)]
[0m 3s (306 51%) 3.3531 (2.6485)]
[0m 3s (307 51%) 3.3528 (3.2820)]
[0m 3s (308 51%) 3.3516 (2.9627)]
[0m 3s (309 51%) 3.3502 (2.9364)]
[0m 3s (310 51%) 3.3490 (2.9686)]
[0m 3s (311 51%) 3.3470 (2.7196)]
[0m 3s (312 52%) 3.3452 (2.7841)]
[0m 3s (312 52%) 3.3452 (2.7841)]
[0m 3s (314 52%) 3.3429 (2.5795)]
[0m 3s (315 52%) 3.3411 (2.7759)]
[0m 3s (316 52%) 3.3409 (3.2738)]
[0m 3s (317 52%) 3.3405 (3.2171)]
[0m 3s (318 53%) 3.3397 (3.0896)]
[0m 3s (318 53%) 3.3397 (3.0896)]
[0m 3s (319 53%) 3.3395 (3.2682)]
[0m 3s (320 53%) 3.3384 (2.9963)]
[0m 3s (321 53%) 3.3358 (2.5012)]
[0m 3s (324 54%) 3.3346 (2.7399)]
[0m 3s (324 54%) 3.3346 (2.7399)]
[0m 3s (325 54%) 3.3344 (3.2841)]
[0m 3s (326 54%) 3.3330 (2.8785)]
[0m 3s (327 54%) 3.3323 (3.0869)]
[0m 3s (329 54%) 3.3323 (2.5423)]
[0m 3s (330 55%) 3.3308 (2.8672)]
[0m 3s (330 55%) 3.3308 (2.8672)]
[0m 3s (331 55%) 3.3280 (2.3878)]
[0m 3s (332 55%) 3.3252 (2.4063)]
[0m 3s (333 55%) 3.3232 (2.6412)]
[0m 3s (334 55%) 3.3215 (2.7613)]
[0m 3s (335 55%) 3.3199 (2.7751)]
[0m 3s (336 56%) 3.3208 (3.6333)]
[0m 3s (340 56%) 3.3183 (2.5536)]
[0m 3s (341 56%) 3.3172 (2.9402)]
[0m 3s (342 56%) 3.3191 (3.9601)]
[0m 3s (344 57%) 3.3145 (2.3246)]
[0m 3s (345 57%) 3.3131 (2.8160)]
[0m 3s (347 57%) 3.3119 (2.6603)]
[0m 3s (348 57%) 3.3100 (2.6581)]
[0m 3s (348 57%) 3.3100 (2.6581)]
[0m 3s (350 58%) 3.3099 (2.7376)]
[0m 3s (351 58%) 3.3073 (2.3844)]
[0m 3s (352 58%) 3.3069 (3.1787)]
[0m 3s (353 58%) 3.3069 (3.2861)]
[0m 3s (354 59%) 3.3057 (2.8875)]
[0m 3s (354 59%) 3.3057 (2.8875)]
[0m 3s (355 59%) 3.3033 (2.4698)]
[0m 4s (357 59%) 3.3012 (2.5146)]
[0m 4s (358 59%) 3.3008 (3.1391)]
[0m 4s (359 59%) 3.2989 (2.6307)]
[0m 4s (360 60%) 3.2967 (2.5114)]
[0m 4s (360 60%) 3.2967 (2.5114)]
[0m 4s (361 60%) 3.2947 (2.5511)]
[0m 4s (363 60%) 3.2916 (2.1848)]
[0m 4s (365 60%) 3.2911 (3.0246)]
[0m 4s (366 61%) 3.2908 (3.1500)]
[0m 4s (366 61%) 3.2908 (3.1500)]
[0m 4s (367 61%) 3.2904 (3.1679)]
[0m 4s (368 61%) 3.2896 (2.9701)]
[0m 4s (369 61%) 3.2887 (2.9741)]
[0m 4s (370 61%) 3.2879 (3.0082)]
[0m 4s (372 62%) 3.2882 (2.7438)]
[0m 4s (373 62%) 3.2873 (2.9601)]
[0m 4s (374 62%) 3.2847 (2.3183)]
[0m 4s (375 62%) 3.2832 (2.7369)]
[0m 4s (376 62%) 3.2818 (2.7225)]
[0m 4s (377 62%) 3.2796 (2.4497)]
[0m 4s (378 63%) 3.2806 (3.6763)]
[0m 4s (379 63%) 3.2795 (2.8552)]
[0m 4s (381 63%) 3.2776 (2.5092)]
[0m 4s (382 63%) 3.2767 (2.9262)]
[0m 4s (383 63%) 3.2762 (3.0695)]
[0m 4s (384 64%) 3.2790 (4.3716)]
[0m 4s (388 64%) 3.2760 (2.5513)]
[0m 4s (389 64%) 3.2743 (2.6138)]
[0m 4s (390 65%) 3.2731 (2.8152)]
[0m 4s (390 65%) 3.2731 (2.8152)]
[0m 4s (392 65%) 3.2731 (3.1948)]
[0m 4s (393 65%) 3.2715 (2.6322)]
[0m 4s (394 65%) 3.2707 (2.9830)]
[0m 4s (395 65%) 3.2696 (2.8168)]
[0m 4s (396 66%) 3.2680 (2.6421)]
[0m 4s (396 66%) 3.2680 (2.6421)]
[0m 4s (397 66%) 3.2660 (2.4736)]
[0m 4s (401 66%) 3.2656 (2.3847)]
[0m 4s (402 67%) 3.2638 (2.5226)]
[0m 4s (402 67%) 3.2638 (2.5226)]
[0m 4s (403 67%) 3.2637 (3.2246)]
[0m 4s (404 67%) 3.2630 (2.9899)]
[0m 4s (405 67%) 3.2605 (2.2386)]
[0m 4s (406 67%) 3.2580 (2.2683)]
[0m 4s (408 68%) 3.2595 (3.5147)]
[0m 4s (411 68%) 3.2564 (2.0558)]
[0m 4s (412 68%) 3.2556 (2.9325)]
[0m 4s (414 69%) 3.2558 (3.2588)]
[0m 4s (415 69%) 3.2549 (2.8755)]
[0m 4s (417 69%) 3.2540 (2.7860)]
[0m 4s (419 69%) 3.2533 (2.7067)]
[0m 4s (420 70%) 3.2518 (2.6240)]
[0m 4s (420 70%) 3.2518 (2.6240)]
[0m 4s (421 70%) 3.2509 (2.8503)]
[0m 4s (424 70%) 3.2493 (2.4450)]
[0m 4s (426 71%) 3.2489 (3.0878)]
[0m 4s (426 71%) 3.2489 (3.0878)]
[0m 4s (427 71%) 3.2465 (2.2219)]
[0m 4s (429 71%) 3.2462 (3.0718)]
[0m 4s (432 72%) 3.2449 (2.3048)]
[0m 4s (432 72%) 3.2449 (2.3048)]
[0m 4s (433 72%) 3.2433 (2.5727)]
[0m 4s (434 72%) 3.2422 (2.7833)]
[0m 4s (435 72%) 3.2411 (2.7458)]
[0m 4s (436 72%) 3.2396 (2.6021)]
[0m 4s (437 72%) 3.2396 (3.2173)]
[0m 4s (438 73%) 3.2424 (4.4586)]
[0m 4s (442 73%) 3.2390 (2.4951)]
[0m 4s (443 73%) 3.2376 (2.6359)]
[0m 4s (444 74%) 3.2375 (3.1769)]
[0m 4s (444 74%) 3.2375 (3.1769)]
[0m 4s (445 74%) 3.2371 (3.0648)]
[0m 4s (446 74%) 3.2364 (2.9219)]
[0m 4s (447 74%) 3.2352 (2.7088)]
[0m 4s (450 75%) 3.2346 (2.9334)]
[0m 4s (450 75%) 3.2346 (2.9334)]
[0m 4s (451 75%) 3.2345 (3.1978)]
[0m 5s (453 75%) 3.2341 (2.7522)]
[0m 5s (454 75%) 3.2328 (2.6413)]
[0m 5s (456 76%) 3.2335 (3.5320)]
[0m 5s (457 76%) 3.2327 (2.8610)]
[0m 5s (458 76%) 3.2304 (2.2044)]
[0m 5s (459 76%) 3.2304 (3.2209)]
[0m 5s (460 76%) 3.2288 (2.4950)]
[0m 5s (461 76%) 3.2278 (2.7416)]
[0m 5s (462 77%) 3.2283 (3.4900)]
[0m 5s (463 77%) 3.2271 (2.6690)]
[0m 5s (464 77%) 3.2264 (2.9025)]
[0m 5s (465 77%) 3.2251 (2.5902)]
[0m 5s (466 77%) 3.2243 (2.8571)]
[0m 5s (467 77%) 3.2238 (2.9915)]
[0m 5s (468 78%) 3.2227 (2.7212)]
[0m 5s (468 78%) 3.2227 (2.7212)]
[0m 5s (469 78%) 3.2215 (2.6830)]
[0m 5s (470 78%) 3.2199 (2.4540)]
[0m 5s (474 79%) 3.2201 (2.5809)]
[0m 5s (475 79%) 3.2193 (2.8224)]
[0m 5s (476 79%) 3.2183 (2.7342)]
[0m 5s (477 79%) 3.2170 (2.6074)]
[0m 5s (478 79%) 3.2156 (2.5430)]
[0m 5s (479 79%) 3.2145 (2.6905)]
[0m 5s (480 80%) 3.2128 (2.4147)]
[0m 5s (480 80%) 3.2128 (2.4147)]
[0m 5s (481 80%) 3.2118 (2.7127)]
[0m 5s (482 80%) 3.2098 (2.2796)]
[0m 5s (483 80%) 3.2082 (2.4249)]
[0m 5s (484 80%) 3.2067 (2.4992)]
[0m 5s (485 80%) 3.2052 (2.4733)]
[0m 5s (486 81%) 3.2055 (3.3239)]
[0m 5s (487 81%) 3.2052 (3.0562)]
[0m 5s (488 81%) 3.2036 (2.4222)]
[0m 5s (489 81%) 3.2026 (2.7115)]
[0m 5s (490 81%) 3.2017 (2.7859)]
[0m 5s (491 81%) 3.2015 (3.0992)]
[0m 5s (492 82%) 3.1994 (2.1479)]
[0m 5s (492 82%) 3.1994 (2.1479)]
[0m 5s (498 83%) 3.2017 (3.5431)]
[0m 5s (500 83%) 3.1990 (2.5061)]
[0m 5s (502 83%) 3.1973 (1.9826)]
[0m 5s (504 84%) 3.1985 (3.5561)]
[0m 5s (505 84%) 3.1972 (2.5631)]
[0m 5s (506 84%) 3.1958 (2.4842)]
[0m 5s (507 84%) 3.1947 (2.6334)]
[0m 5s (508 84%) 3.1926 (2.1553)]
[0m 5s (510 85%) 3.1931 (2.6615)]
[0m 5s (512 85%) 3.1919 (2.6158)]
[0m 5s (515 85%) 3.1911 (2.4093)]
[0m 5s (516 86%) 3.1901 (2.6476)]
[0m 5s (516 86%) 3.1901 (2.6476)]
[0m 5s (520 86%) 3.1898 (2.2219)]
[0m 5s (521 86%) 3.1886 (2.5805)]
[0m 5s (522 87%) 3.1883 (3.0179)]
[0m 5s (522 87%) 3.1883 (3.0179)]
[0m 5s (524 87%) 3.1869 (2.4319)]
[0m 5s (525 87%) 3.1848 (2.0680)]
[0m 5s (527 87%) 3.1844 (2.6982)]
[0m 5s (528 88%) 3.1827 (2.3199)]
[0m 5s (528 88%) 3.1827 (2.3199)]
[0m 5s (530 88%) 3.1825 (3.0425)]
[0m 5s (532 88%) 3.1816 (2.6724)]
[0m 5s (534 89%) 3.1811 (2.5458)]
[0m 5s (534 89%) 3.1811 (2.5458)]
[0m 5s (540 90%) 3.1807 (2.4957)]
[0m 5s (540 90%) 3.1807 (2.4957)]
[0m 5s (541 90%) 3.1794 (2.4438)]
[0m 5s (542 90%) 3.1778 (2.3525)]
[0m 5s (543 90%) 3.1771 (2.7658)]
[0m 5s (544 90%) 3.1764 (2.8189)]
[0m 5s (545 90%) 3.1763 (3.1341)]
[0m 5s (546 91%) 3.1751 (2.5059)]
[0m 5s (546 91%) 3.1751 (2.5059)]
[0m 5s (547 91%) 3.1746 (2.8906)]
[0m 6s (548 91%) 3.1741 (2.8892)]
[0m 6s (549 91%) 3.1724 (2.2794)]
[0m 6s (550 91%) 3.1713 (2.5326)]
[0m 6s (551 91%) 3.1709 (2.9563)]
[0m 6s (552 92%) 3.1690 (2.1529)]
[0m 6s (552 92%) 3.1690 (2.1529)]
[0m 6s (558 93%) 3.1701 (3.1957)]
[0m 6s (559 93%) 3.1686 (2.3251)]
[0m 6s (563 93%) 3.1675 (2.5177)]
[0m 6s (564 94%) 3.1669 (2.8319)]
[0m 6s (564 94%) 3.1669 (2.8319)]
[0m 6s (565 94%) 3.1655 (2.3568)]
[0m 6s (566 94%) 3.1651 (2.9601)]
[0m 6s (567 94%) 3.1649 (3.0266)]
[0m 6s (568 94%) 3.1640 (2.6760)]
[0m 6s (569 94%) 3.1640 (3.1448)]
[0m 6s (570 95%) 3.1624 (2.2393)]
[0m 6s (570 95%) 3.1624 (2.2393)]
[0m 6s (571 95%) 3.1611 (2.4413)]
[0m 6s (572 95%) 3.1603 (2.7194)]
[0m 6s (573 95%) 3.1602 (3.0737)]
[0m 6s (574 95%) 3.1586 (2.2321)]
[0m 6s (575 95%) 3.1580 (2.8612)]
[0m 6s (576 96%) 3.1568 (2.4366)]
[0m 6s (576 96%) 3.1568 (2.4366)]
[0m 6s (579 96%) 3.1566 (2.7652)]
[0m 6s (580 96%) 3.1561 (2.8323)]
[0m 6s (581 96%) 3.1551 (2.5856)]
[0m 6s (582 97%) 3.1547 (2.9258)]
[0m 6s (582 97%) 3.1547 (2.9258)]
[0m 6s (588 98%) 3.1557 (2.6176)]
[0m 6s (589 98%) 3.1545 (2.4552)]
[0m 6s (590 98%) 3.1538 (2.7107)]
[0m 6s (591 98%) 3.1531 (2.7328)]
[0m 6s (592 98%) 3.1515 (2.2176)]
[0m 6s (594 99%) 3.1505 (2.3911)]
[0m 6s (594 99%) 3.1505 (2.3911)]
[0m 6s (595 99%) 3.1502 (2.9740)]
[0m 6s (596 99%) 3.1494 (2.6274)]
[0m 6s (597 99%) 3.1481 (2.4221)]
[0m 6s (598 99%) 3.1469 (2.4132)]
[0m 6s (600 100%) 3.1474 (3.2553)]
