Matplotlib created a temporary cache directory at /var/folders/wr/3s6jwj7x0c5_0jj7bnfg14h40000gn/T/matplotlib-bndzyxmz because the default path (/Users/thaha/.matplotlib) is not a writable directory; it is highly recommended to set the MPLCONFIGDIR environment variable to a writable directory, in particular to speed up the import of Matplotlib and to better support multiprocessing.
Fontconfig error: No writable cache directories
Fontconfig error: No writable cache directories
Fontconfig error: No writable cache directories
Fontconfig error: No writable cache directories
Matplotlib is building the font cache; this may take a moment.
ONLY CPU AVAILABLE
p;
And thou no
Training file_len = 1115394

-----------
|  TRAIN  |
-----------

[0m 0s (1 0%) 4.6193 (4.6193)]
[0m 0s (2 0%) 4.5772 (4.5351)]
[0m 0s (8 1%) 4.8354 (4.0239)]
[0m 0s (12 1%) 4.5198 (3.7565)]
[0m 0s (13 1%) 4.4832 (4.0441)]
[0m 0s (16 2%) 4.4916 (3.2932)]
[0m 0s (17 2%) 4.4541 (3.8543)]
[0m 1s (19 2%) 4.4470 (3.0393)]
[0m 1s (20 2%) 4.4204 (3.9157)]
[0m 1s (21 2%) 4.3766 (3.4989)]
[0m 1s (22 2%) 4.3405 (3.5830)]
[0m 1s (23 2%) 4.2911 (3.2044)]
[0m 1s (24 3%) 4.2882 (4.2217)]
[0m 1s (24 3%) 4.2882 (4.2217)]
[0m 1s (25 3%) 4.2569 (3.5055)]
[0m 1s (26 3%) 4.2403 (3.8266)]
[0m 1s (27 3%) 4.2044 (3.2690)]
[0m 1s (32 4%) 4.2142 (2.9607)]
[0m 1s (33 4%) 4.1968 (3.6402)]
[0m 1s (34 4%) 4.1740 (3.4220)]
[0m 2s (35 4%) 4.1319 (2.6999)]
[0m 2s (36 4%) 4.1117 (3.4054)]
[0m 2s (38 4%) 4.1007 (3.0697)]
[0m 2s (39 4%) 4.0749 (3.0929)]
[0m 2s (40 5%) 4.1035 (5.2213)]
[0m 2s (42 5%) 4.0642 (3.3292)]
[0m 2s (43 5%) 4.0525 (3.5594)]
[0m 2s (44 5%) 4.0267 (2.9153)]
[0m 2s (45 5%) 4.0124 (3.3866)]
[0m 2s (46 5%) 3.9825 (2.6380)]
[0m 2s (47 5%) 3.9658 (3.1936)]
[0m 2s (48 6%) 3.9546 (3.4315)]
[0m 2s (48 6%) 3.9546 (3.4315)]
[0m 2s (49 6%) 3.9445 (3.4575)]
[0m 2s (50 6%) 3.9245 (2.9470)]
[0m 2s (51 6%) 3.9111 (3.2368)]
[0m 3s (52 6%) 3.8979 (3.2280)]
[0m 3s (53 6%) 3.8864 (3.2884)]
[0m 3s (54 6%) 3.8845 (3.7818)]
[0m 3s (55 6%) 3.8806 (3.6731)]
[0m 3s (56 7%) 3.8683 (3.1913)]
[0m 3s (56 7%) 3.8683 (3.1913)]
[0m 3s (57 7%) 3.8650 (3.6781)]
[0m 3s (58 7%) 3.8527 (3.1505)]
[0m 3s (59 7%) 3.8409 (3.1566)]
[0m 3s (64 8%) 3.8894 (3.3931)]
[0m 4s (72 9%) 3.8879 (3.4007)]
[0m 4s (80 10%) 3.8921 (3.8498)]
[0m 5s (88 11%) 3.8450 (3.4641)]
[0m 5s (96 12%) 3.8535 (3.5328)]
[0m 5s (99 12%) 3.8324 (2.8080)]
[0m 5s (102 12%) 3.8318 (3.6776)]
[0m 6s (103 12%) 3.8237 (3.0000)]
[0m 6s (104 13%) 3.8258 (4.0412)]
[0m 6s (105 13%) 3.8198 (3.1891)]
[0m 6s (106 13%) 3.8088 (2.6554)]
[0m 6s (112 14%) 3.8055 (2.9549)]
[0m 6s (112 14%) 3.8055 (2.9549)]
[0m 6s (113 14%) 3.8021 (3.4190)]
[0m 6s (115 14%) 3.7974 (2.7378)]
[0m 6s (116 14%) 3.7935 (3.3430)]
[0m 6s (117 14%) 3.7921 (3.6341)]
[0m 6s (118 14%) 3.7907 (3.6222)]
[0m 7s (120 15%) 3.7953 (3.1963)]
[0m 7s (124 15%) 3.7870 (2.7471)]
[0m 7s (125 15%) 3.7810 (3.0354)]
[0m 7s (128 16%) 3.7927 (3.6411)]
[0m 7s (136 17%) 3.7972 (4.1456)]
[0m 8s (144 18%) 3.7765 (2.9094)]
[0m 8s (144 18%) 3.7765 (2.9094)]
[0m 8s (145 18%) 3.7709 (2.9626)]
[0m 8s (146 18%) 3.7684 (3.4121)]
[0m 8s (149 18%) 3.7654 (3.1714)]
[0m 8s (151 18%) 3.7625 (3.2808)]
[0m 8s (152 19%) 3.7603 (3.4272)]
[0m 8s (152 19%) 3.7603 (3.4272)]
[0m 9s (155 19%) 3.7548 (2.6232)]
[0m 9s (158 19%) 3.7515 (3.1857)]
[0m 9s (160 20%) 3.7495 (3.1623)]
[0m 9s (160 20%) 3.7495 (3.1623)]
[0m 9s (161 20%) 3.7455 (3.1073)]
[0m 9s (164 20%) 3.7451 (3.2146)]
[0m 9s (165 20%) 3.7416 (3.1568)]
[0m 9s (166 20%) 3.7391 (3.3362)]
[0m 9s (167 20%) 3.7323 (2.5974)]
[0m 9s (168 21%) 3.7290 (3.1691)]
[0m 9s (168 21%) 3.7290 (3.1691)]
[0m 9s (169 21%) 3.7272 (3.4367)]
[0m 9s (170 21%) 3.7254 (3.4099)]
[0m 9s (171 21%) 3.7231 (3.3463)]
[0m 10s (172 21%) 3.7218 (3.4871)]
[0m 10s (174 21%) 3.7214 (3.1303)]
[0m 10s (175 21%) 3.7179 (3.1080)]
[0m 10s (176 22%) 3.7175 (3.6506)]
[0m 10s (176 22%) 3.7175 (3.6506)]
[0m 10s (178 22%) 3.7158 (3.0991)]
[0m 10s (179 22%) 3.7113 (2.9116)]
[0m 10s (182 22%) 3.7088 (2.9202)]
[0m 10s (183 22%) 3.7063 (3.2605)]
[0m 10s (184 23%) 3.7072 (3.8736)]
[0m 10s (185 23%) 3.7030 (2.9144)]
[0m 10s (186 23%) 3.6992 (3.0093)]
[0m 10s (187 23%) 3.6970 (3.2795)]
[0m 10s (188 23%) 3.6959 (3.4942)]
[0m 11s (189 23%) 3.6940 (3.3434)]
[0m 11s (190 23%) 3.6918 (3.2604)]
[0m 11s (191 23%) 3.6862 (2.6369)]
[0m 11s (192 24%) 3.6828 (3.0297)]
[0m 11s (192 24%) 3.6828 (3.0297)]
[0m 11s (193 24%) 3.6786 (2.8788)]
[0m 11s (194 24%) 3.6761 (3.1836)]
[0m 11s (198 24%) 3.6747 (3.2870)]
[0m 11s (200 25%) 3.6724 (2.6828)]
[0m 11s (200 25%) 3.6724 (2.6828)]
[0m 11s (201 25%) 3.6720 (3.6051)]
[0m 11s (202 25%) 3.6717 (3.5943)]
[0m 12s (208 26%) 3.6825 (4.8515)]
[0m 12s (216 27%) 3.6742 (3.1818)]
[0m 12s (218 27%) 3.6685 (2.8214)]
[0m 12s (219 27%) 3.6672 (3.3907)]
[0m 12s (220 27%) 3.6628 (2.6987)]
[0m 13s (221 27%) 3.6586 (2.7269)]
[0m 13s (222 27%) 3.6569 (3.2921)]
[0m 13s (223 27%) 3.6544 (3.0786)]
[0m 13s (224 28%) 3.6528 (3.3019)]
[0m 13s (224 28%) 3.6528 (3.3019)]
[0m 13s (226 28%) 3.6522 (3.3709)]
[0m 13s (227 28%) 3.6492 (2.9670)]
[0m 13s (228 28%) 3.6443 (2.5309)]
[0m 13s (229 28%) 3.6404 (2.7415)]
[0m 13s (230 28%) 3.6381 (3.1291)]
[0m 13s (231 28%) 3.6357 (3.0722)]
[0m 13s (232 28%) 3.6393 (4.4630)]
[0m 14s (237 29%) 3.6354 (3.2690)]
[0m 14s (238 29%) 3.6329 (3.0382)]
[0m 14s (239 29%) 3.6323 (3.4987)]
[0m 14s (240 30%) 3.6289 (2.8104)]
[0m 14s (240 30%) 3.6289 (2.8104)]
[0m 14s (242 30%) 3.6262 (2.7817)]
[0m 14s (243 30%) 3.6249 (3.3255)]
[0m 14s (244 30%) 3.6243 (3.4728)]
[0m 14s (245 30%) 3.6228 (3.2614)]
[0m 14s (246 30%) 3.6217 (3.3366)]
[0m 14s (247 30%) 3.6209 (3.4230)]
[0m 14s (248 31%) 3.6170 (2.6557)]
[0m 14s (248 31%) 3.6170 (2.6557)]
[0m 14s (249 31%) 3.6142 (2.9199)]
[0m 14s (250 31%) 3.6131 (3.3529)]
[0m 15s (254 31%) 3.6128 (3.4461)]
[0m 15s (255 31%) 3.6102 (2.9291)]
[0m 15s (256 32%) 3.6111 (3.8501)]
[0m 15s (257 32%) 3.6077 (2.7490)]
[0m 15s (258 32%) 3.6074 (3.5331)]
[0m 15s (259 32%) 3.6057 (3.1492)]
[0m 15s (260 32%) 3.6019 (2.6192)]
[0m 15s (261 32%) 3.6003 (3.1836)]
[0m 15s (262 32%) 3.5988 (3.2189)]
[0m 15s (263 32%) 3.5971 (3.1556)]
[0m 15s (264 33%) 3.6004 (4.4578)]
[0m 15s (266 33%) 3.5971 (3.4468)]
[0m 16s (271 33%) 3.5956 (3.0100)]
[0m 16s (272 34%) 3.5973 (4.0570)]
[0m 16s (273 34%) 3.5947 (2.8920)]
[0m 16s (274 34%) 3.5941 (3.4423)]
[0m 16s (275 34%) 3.5926 (3.1707)]
[0m 16s (276 34%) 3.5913 (3.2431)]
[0m 16s (277 34%) 3.5886 (2.8265)]
[0m 16s (278 34%) 3.5874 (3.2675)]
[0m 16s (279 34%) 3.5853 (2.9920)]
[0m 16s (280 35%) 3.5842 (3.2760)]
[0m 16s (280 35%) 3.5842 (3.2760)]
[0m 16s (281 35%) 3.5842 (3.5798)]
[0m 16s (282 35%) 3.5828 (3.1862)]
[0m 16s (283 35%) 3.5826 (3.5353)]
[0m 17s (286 35%) 3.5823 (2.9395)]
[0m 17s (287 35%) 3.5805 (3.0661)]
[0m 17s (288 36%) 3.5792 (3.2065)]
[0m 17s (288 36%) 3.5792 (3.2065)]
[0m 17s (289 36%) 3.5785 (3.3727)]
[0m 17s (293 36%) 3.5784 (3.4751)]
[0m 17s (295 36%) 3.5777 (3.2559)]
[0m 17s (296 37%) 3.5758 (3.0275)]
[0m 17s (296 37%) 3.5758 (3.0275)]
[0m 18s (300 37%) 3.5755 (3.2348)]
[0m 18s (301 37%) 3.5746 (3.3138)]
[0m 18s (302 37%) 3.5735 (3.2184)]
[0m 18s (304 38%) 3.5775 (3.2280)]
[0m 18s (306 38%) 3.5734 (2.9665)]
[0m 18s (307 38%) 3.5713 (2.9284)]
[0m 18s (308 38%) 3.5688 (2.8160)]
[0m 18s (309 38%) 3.5663 (2.7954)]
[0m 18s (311 38%) 3.5649 (2.7128)]
[0m 18s (312 39%) 3.5640 (3.2807)]
[0m 18s (312 39%) 3.5640 (3.2807)]
[0m 19s (315 39%) 3.5632 (3.0919)]
[0m 19s (316 39%) 3.5608 (2.7948)]
[0m 19s (317 39%) 3.5589 (2.9548)]
[0m 19s (318 39%) 3.5577 (3.1969)]
[0m 19s (319 39%) 3.5568 (3.2773)]
[0m 19s (320 40%) 3.5571 (3.6383)]
[0m 19s (321 40%) 3.5564 (3.3228)]
[0m 19s (322 40%) 3.5528 (2.4250)]
[0m 19s (323 40%) 3.5506 (2.8207)]
[0m 19s (324 40%) 3.5483 (2.8191)]
[0m 19s (325 40%) 3.5476 (3.3244)]
[0m 19s (326 40%) 3.5472 (3.4200)]
[0m 19s (327 40%) 3.5456 (3.0132)]
[0m 19s (328 41%) 3.5454 (3.4822)]
[0m 19s (328 41%) 3.5454 (3.4822)]
[0m 20s (329 41%) 3.5430 (2.7477)]
[0m 20s (330 41%) 3.5424 (3.3437)]
[0m 20s (331 41%) 3.5397 (2.6592)]
[0m 20s (336 42%) 3.5376 (2.7540)]
[0m 20s (336 42%) 3.5376 (2.7540)]
[0m 20s (337 42%) 3.5365 (3.1727)]
[0m 20s (338 42%) 3.5346 (2.9021)]
[0m 20s (339 42%) 3.5333 (3.0866)]
[0m 20s (340 42%) 3.5315 (2.9287)]
[0m 20s (341 42%) 3.5308 (3.2769)]
[0m 20s (342 42%) 3.5285 (2.7669)]
[0m 20s (343 42%) 3.5271 (3.0289)]
[0m 21s (344 43%) 3.5258 (3.1039)]
[0m 21s (344 43%) 3.5258 (3.1039)]
[0m 21s (345 43%) 3.5223 (2.2981)]
[0m 21s (346 43%) 3.5203 (2.8325)]
[0m 21s (347 43%) 3.5199 (3.4015)]
[0m 21s (348 43%) 3.5191 (3.2245)]
[0m 21s (349 43%) 3.5187 (3.3709)]
[0m 21s (352 44%) 3.5214 (3.0727)]
[0m 21s (355 44%) 3.5186 (2.8985)]
[0m 21s (356 44%) 3.5162 (2.6791)]
[0m 21s (358 44%) 3.5153 (3.1110)]
[0m 22s (360 45%) 3.5145 (3.1748)]
[0m 22s (360 45%) 3.5145 (3.1748)]
[0m 22s (361 45%) 3.5123 (2.6961)]
[0m 22s (362 45%) 3.5114 (3.2103)]
[0m 22s (363 45%) 3.5100 (3.0108)]
[0m 22s (364 45%) 3.5080 (2.7507)]
[0m 22s (367 45%) 3.5074 (3.1652)]
[0m 22s (368 46%) 3.5086 (3.9182)]
[0m 22s (370 46%) 3.5059 (2.7638)]
[0m 22s (371 46%) 3.5040 (2.7859)]
[0m 22s (372 46%) 3.5024 (2.9353)]
[0m 23s (374 46%) 3.5024 (2.9639)]
[0m 23s (375 46%) 3.5017 (3.2454)]
[0m 23s (376 47%) 3.5009 (3.1866)]
[0m 23s (376 47%) 3.5009 (3.1866)]
[0m 23s (377 47%) 3.5002 (3.2463)]
[0m 23s (378 47%) 3.4979 (2.6382)]
[0m 23s (379 47%) 3.4973 (3.2786)]
[0m 23s (380 47%) 3.4965 (3.1882)]
[0m 23s (382 47%) 3.4961 (3.2667)]
[0m 23s (384 48%) 3.4944 (2.7694)]
[0m 23s (384 48%) 3.4944 (2.7694)]
[0m 23s (385 48%) 3.4921 (2.6191)]
[0m 24s (390 48%) 3.4920 (2.8785)]
[0m 24s (392 49%) 3.4928 (3.0167)]
[0m 24s (395 49%) 3.4914 (2.7094)]
[0m 24s (396 49%) 3.4906 (3.1651)]
[0m 24s (397 49%) 3.4896 (3.1014)]
[0m 24s (398 49%) 3.4888 (3.1522)]
[0m 24s (399 49%) 3.4881 (3.2395)]
[0m 24s (400 50%) 3.4892 (3.9340)]
[0m 25s (404 50%) 3.4878 (2.6349)]
[0m 25s (405 50%) 3.4858 (2.6896)]
[0m 25s (406 50%) 3.4852 (3.2256)]
[0m 25s (407 50%) 3.4833 (2.7431)]
[0m 25s (408 51%) 3.4829 (3.2908)]
[0m 25s (408 51%) 3.4829 (3.2908)]
[0m 25s (409 51%) 3.4818 (3.0319)]
[0m 25s (410 51%) 3.4806 (3.0003)]
[0m 25s (411 51%) 3.4797 (3.1008)]
[0m 25s (412 51%) 3.4779 (2.7743)]
[0m 25s (413 51%) 3.4778 (3.4107)]
[0m 25s (414 51%) 3.4767 (3.0444)]
[0m 25s (416 52%) 3.4760 (2.6661)]
[0m 25s (416 52%) 3.4760 (2.6661)]
[0m 26s (424 53%) 3.4797 (3.1422)]
[0m 26s (427 53%) 3.4755 (2.8413)]
[0m 26s (428 53%) 3.4752 (3.3237)]
[0m 26s (432 54%) 3.4749 (2.9719)]
[0m 26s (432 54%) 3.4749 (2.9719)]
[0m 26s (433 54%) 3.4738 (2.9873)]
[0m 27s (435 54%) 3.4735 (3.2859)]
[0m 27s (436 54%) 3.4733 (3.4082)]
[0m 27s (440 55%) 3.4731 (3.1162)]
[0m 27s (440 55%) 3.4731 (3.1162)]
[0m 27s (441 55%) 3.4716 (2.8130)]
[0m 27s (443 55%) 3.4712 (3.1657)]
[0m 27s (445 55%) 3.4709 (2.9704)]
[0m 27s (446 55%) 3.4698 (2.9917)]
[0m 27s (447 55%) 3.4684 (2.8179)]
[0m 27s (448 56%) 3.4708 (4.5612)]
[0m 28s (455 56%) 3.4676 (2.6449)]
[0m 28s (456 56%) 3.4659 (2.6906)]
[0m 28s (456 56%) 3.4659 (2.6906)]
[0m 28s (457 57%) 3.4654 (3.2417)]
[0m 28s (458 57%) 3.4641 (2.8611)]
[0m 28s (461 57%) 3.4633 (2.8546)]
[0m 28s (462 57%) 3.4625 (3.0908)]
[0m 28s (463 57%) 3.4604 (2.4794)]
[0m 29s (464 57%) 3.4615 (3.9983)]
[0m 29s (467 58%) 3.4599 (3.0577)]
[0m 29s (468 58%) 3.4592 (3.1531)]
[0m 29s (469 58%) 3.4582 (3.0076)]
[0m 29s (470 58%) 3.4575 (3.0904)]
[0m 29s (471 58%) 3.4559 (2.7416)]
[0m 29s (472 59%) 3.4547 (2.8860)]
[0m 29s (472 59%) 3.4547 (2.8860)]
[0m 29s (473 59%) 3.4545 (3.3259)]
[0m 29s (474 59%) 3.4536 (3.0630)]
[0m 29s (475 59%) 3.4521 (2.7492)]
[0m 29s (477 59%) 3.4519 (3.0814)]
[0m 30s (480 60%) 3.4541 (3.9664)]
[0m 30s (485 60%) 3.4510 (2.9530)]
[0m 30s (486 60%) 3.4503 (3.1213)]
[0m 30s (487 60%) 3.4497 (3.1577)]
[0m 30s (488 61%) 3.4502 (3.7104)]
[0m 30s (489 61%) 3.4495 (3.1155)]
[0m 30s (492 61%) 3.4483 (2.6813)]
[0m 30s (493 61%) 3.4469 (2.7845)]
[0m 31s (494 61%) 3.4459 (2.9266)]
[0m 31s (495 61%) 3.4452 (3.1336)]
[0m 31s (496 62%) 3.4447 (3.1793)]
[0m 31s (496 62%) 3.4447 (3.1793)]
[0m 31s (497 62%) 3.4446 (3.4016)]
[0m 31s (498 62%) 3.4439 (3.1109)]
[0m 31s (499 62%) 3.4424 (2.6592)]
[0m 31s (500 62%) 3.4422 (3.3442)]
[0m 31s (501 62%) 3.4419 (3.3178)]
[0m 31s (503 62%) 3.4412 (2.7420)]
[0m 31s (504 63%) 3.4399 (2.8080)]
[0m 31s (504 63%) 3.4399 (2.8080)]
[0m 31s (505 63%) 3.4380 (2.4973)]
[0m 31s (506 63%) 3.4363 (2.5680)]
[0m 31s (508 63%) 3.4360 (3.2096)]
[0m 31s (509 63%) 3.4351 (2.9583)]
[0m 32s (510 63%) 3.4344 (3.0890)]
[0m 32s (512 64%) 3.4348 (3.4173)]
[0m 32s (514 64%) 3.4338 (3.0065)]
[0m 32s (515 64%) 3.4337 (3.3785)]
[0m 32s (516 64%) 3.4335 (3.3354)]
[0m 32s (517 64%) 3.4329 (3.1068)]
[0m 32s (518 64%) 3.4328 (3.3688)]
[0m 32s (519 64%) 3.4327 (3.4098)]
[0m 32s (520 65%) 3.4315 (2.8172)]
[0m 32s (520 65%) 3.4315 (2.8172)]
[0m 32s (521 65%) 3.4306 (2.9630)]
[0m 32s (522 65%) 3.4299 (3.0386)]
[0m 32s (523 65%) 3.4287 (2.8368)]
[0m 32s (524 65%) 3.4286 (3.3656)]
[0m 33s (525 65%) 3.4284 (3.3370)]
[0m 33s (527 65%) 3.4278 (2.9454)]
[0m 33s (528 66%) 3.4267 (2.8375)]
[0m 33s (528 66%) 3.4267 (2.8375)]
[0m 33s (529 66%) 3.4254 (2.7627)]
[0m 33s (530 66%) 3.4254 (3.4101)]
[0m 33s (531 66%) 3.4253 (3.3790)]
[0m 33s (532 66%) 3.4239 (2.6882)]
[0m 33s (533 66%) 3.4234 (3.1500)]
[0m 33s (534 66%) 3.4230 (3.2461)]
[0m 33s (536 67%) 3.4236 (3.4771)]
[0m 33s (537 67%) 3.4223 (2.7310)]
[0m 33s (538 67%) 3.4219 (3.2324)]
[0m 33s (539 67%) 3.4218 (3.3316)]
[0m 34s (540 67%) 3.4211 (3.0757)]
[0m 34s (541 67%) 3.4207 (3.1888)]
[0m 34s (542 67%) 3.4191 (2.5571)]
[0m 34s (543 67%) 3.4183 (2.9708)]
[0m 34s (544 68%) 3.4199 (4.3143)]
[0m 34s (548 68%) 3.4178 (3.0748)]
[0m 34s (549 68%) 3.4161 (2.4974)]
[0m 34s (550 68%) 3.4156 (3.1450)]
[0m 34s (551 68%) 3.4151 (3.1333)]
[0m 34s (552 69%) 3.4136 (2.5908)]
[0m 34s (552 69%) 3.4136 (2.5908)]
[0m 34s (553 69%) 3.4122 (2.6022)]
[0m 35s (555 69%) 3.4122 (3.1849)]
[0m 35s (557 69%) 3.4117 (2.9767)]
[0m 35s (560 70%) 3.4106 (2.5893)]
[0m 35s (560 70%) 3.4106 (2.5893)]
[0m 35s (561 70%) 3.4098 (2.9536)]
[0m 35s (562 70%) 3.4091 (3.0265)]
[0m 35s (563 70%) 3.4086 (3.1155)]
[0m 35s (565 70%) 3.4076 (2.6195)]
[0m 35s (566 70%) 3.4064 (2.6951)]
[0m 35s (567 70%) 3.4059 (3.1423)]
[0m 35s (568 71%) 3.4050 (2.8911)]
[0m 35s (568 71%) 3.4050 (2.8911)]
[0m 36s (570 71%) 3.4043 (2.8273)]
[0m 36s (571 71%) 3.4038 (3.1252)]
[0m 36s (572 71%) 3.4026 (2.6998)]
[0m 36s (573 71%) 3.4015 (2.8019)]
[0m 36s (574 71%) 3.4008 (2.9976)]
[0m 36s (576 72%) 3.4014 (3.1299)]
[0m 36s (580 72%) 3.4005 (2.6561)]
[0m 36s (581 72%) 3.3998 (3.0038)]
[0m 36s (582 72%) 3.3988 (2.8314)]
[0m 36s (583 72%) 3.3980 (2.9176)]
[0m 36s (584 73%) 3.3986 (3.7602)]
[0m 37s (586 73%) 3.3974 (2.6536)]
[0m 37s (587 73%) 3.3959 (2.5311)]
[0m 37s (589 73%) 3.3947 (2.5573)]
[0m 37s (590 73%) 3.3939 (2.9637)]
[0m 37s (592 74%) 3.3929 (2.6078)]
[0m 37s (592 74%) 3.3929 (2.6078)]
[0m 37s (593 74%) 3.3921 (2.8973)]
[0m 37s (594 74%) 3.3917 (3.1577)]
[0m 37s (595 74%) 3.3914 (3.2313)]
[0m 37s (596 74%) 3.3912 (3.2337)]
[0m 37s (597 74%) 3.3896 (2.4278)]
[0m 37s (599 74%) 3.3885 (2.7167)]
[0m 38s (600 75%) 3.3875 (2.7896)]
[0m 38s (600 75%) 3.3875 (2.7896)]
[0m 38s (601 75%) 3.3871 (3.1725)]
[0m 38s (602 75%) 3.3865 (2.9949)]
[0m 38s (604 75%) 3.3862 (3.1347)]
[0m 38s (605 75%) 3.3858 (3.1962)]
[0m 38s (606 75%) 3.3846 (2.6222)]
[0m 38s (607 75%) 3.3837 (2.8449)]
[0m 38s (608 76%) 3.3832 (3.0633)]
[0m 38s (608 76%) 3.3832 (3.0633)]
[0m 38s (609 76%) 3.3827 (3.0735)]
[0m 38s (610 76%) 3.3824 (3.2254)]
[0m 38s (611 76%) 3.3810 (2.5404)]
[0m 38s (614 76%) 3.3805 (2.9978)]
[0m 39s (615 76%) 3.3798 (2.9275)]
[0m 39s (616 77%) 3.3799 (3.4603)]
[0m 39s (617 77%) 3.3789 (2.7313)]
[0m 39s (620 77%) 3.3781 (2.8252)]
[0m 39s (621 77%) 3.3780 (3.3209)]
[0m 39s (622 77%) 3.3770 (2.7209)]
[0m 39s (623 77%) 3.3765 (3.0923)]
[0m 39s (624 78%) 3.3750 (2.3979)]
[0m 39s (624 78%) 3.3750 (2.3979)]
[0m 39s (625 78%) 3.3743 (2.9499)]
[0m 39s (626 78%) 3.3729 (2.5331)]
[0m 39s (627 78%) 3.3725 (3.0955)]
[0m 39s (628 78%) 3.3716 (2.8073)]
[0m 39s (629 78%) 3.3714 (3.2442)]
[0m 40s (631 78%) 3.3713 (3.2377)]
[0m 40s (632 79%) 3.3707 (3.0165)]
[0m 40s (632 79%) 3.3707 (3.0165)]
[0m 40s (633 79%) 3.3698 (2.8310)]
[0m 40s (634 79%) 3.3689 (2.7478)]
[0m 40s (635 79%) 3.3674 (2.4350)]
[0m 40s (636 79%) 3.3674 (3.3500)]
[0m 40s (637 79%) 3.3671 (3.2206)]
[0m 40s (638 79%) 3.3670 (3.2679)]
[0m 40s (640 80%) 3.3667 (3.1545)]
[0m 40s (640 80%) 3.3667 (3.1545)]
[0m 40s (641 80%) 3.3657 (2.7361)]
[0m 40s (642 80%) 3.3651 (2.9608)]
[0m 40s (643 80%) 3.3646 (3.0395)]
[0m 40s (644 80%) 3.3639 (2.9474)]
[0m 40s (645 80%) 3.3626 (2.5047)]
[0m 40s (646 80%) 3.3611 (2.4270)]
[0m 40s (647 80%) 3.3610 (3.2825)]
[0m 40s (648 81%) 3.3606 (3.0919)]
[0m 40s (648 81%) 3.3606 (3.0919)]
[0m 40s (649 81%) 3.3604 (3.2420)]
[0m 40s (650 81%) 3.3600 (3.1177)]
[0m 41s (651 81%) 3.3596 (3.0987)]
[0m 41s (652 81%) 3.3593 (3.1631)]
[0m 41s (653 81%) 3.3579 (2.3893)]
[0m 41s (655 81%) 3.3571 (2.7591)]
[0m 41s (656 82%) 3.3586 (4.3764)]
[0m 41s (659 82%) 3.3565 (2.9510)]
[0m 41s (660 82%) 3.3558 (2.8732)]
[0m 41s (661 82%) 3.3547 (2.6563)]
[0m 41s (662 82%) 3.3536 (2.6268)]
[0m 41s (663 82%) 3.3522 (2.3904)]
[0m 41s (664 83%) 3.3511 (2.6178)]
[0m 41s (664 83%) 3.3511 (2.6178)]
[0m 41s (667 83%) 3.3509 (2.8054)]
[0m 41s (668 83%) 3.3494 (2.3865)]
[0m 41s (669 83%) 3.3482 (2.5370)]
[0m 41s (670 83%) 3.3470 (2.5456)]
[0m 42s (672 84%) 3.3467 (2.7568)]
[0m 42s (672 84%) 3.3467 (2.7568)]
[0m 42s (673 84%) 3.3462 (3.0039)]
[0m 42s (674 84%) 3.3451 (2.6189)]
[0m 42s (675 84%) 3.3440 (2.5836)]
[0m 42s (676 84%) 3.3429 (2.5971)]
[0m 42s (677 84%) 3.3428 (3.3273)]
[0m 42s (679 84%) 3.3426 (3.0256)]
[0m 42s (680 85%) 3.3421 (3.0403)]
[0m 42s (680 85%) 3.3421 (3.0403)]
[0m 42s (681 85%) 3.3412 (2.6779)]
[0m 42s (682 85%) 3.3406 (2.9499)]
[0m 42s (683 85%) 3.3396 (2.6917)]
[0m 42s (684 85%) 3.3396 (3.2798)]
[0m 42s (685 85%) 3.3391 (3.0209)]
[0m 42s (686 85%) 3.3386 (2.9706)]
[0m 42s (687 85%) 3.3382 (3.0929)]
[0m 42s (688 86%) 3.3381 (3.2917)]
[0m 42s (688 86%) 3.3381 (3.2917)]
[0m 42s (689 86%) 3.3375 (2.9301)]
[0m 42s (690 86%) 3.3373 (3.1953)]
[0m 42s (691 86%) 3.3370 (3.1046)]
[0m 42s (692 86%) 3.3367 (3.1201)]
[0m 42s (693 86%) 3.3362 (2.9782)]
[0m 43s (694 86%) 3.3352 (2.6992)]
[0m 43s (695 86%) 3.3351 (3.2548)]
[0m 43s (696 87%) 3.3345 (2.9233)]
[0m 43s (696 87%) 3.3345 (2.9233)]
[0m 43s (699 87%) 3.3336 (2.5998)]
[0m 43s (700 87%) 3.3324 (2.5138)]
[0m 43s (701 87%) 3.3313 (2.5827)]
[0m 43s (702 87%) 3.3309 (3.0517)]
[0m 43s (703 87%) 3.3299 (2.6016)]
[0m 43s (704 88%) 3.3299 (3.3309)]
[0m 43s (705 88%) 3.3288 (2.5744)]
[0m 43s (706 88%) 3.3278 (2.5852)]
[0m 43s (707 88%) 3.3275 (3.1321)]
[0m 43s (708 88%) 3.3265 (2.6323)]
[0m 43s (709 88%) 3.3260 (2.9501)]
[0m 43s (710 88%) 3.3246 (2.3704)]
[0m 43s (711 88%) 3.3242 (3.0316)]
[0m 43s (712 89%) 3.3230 (2.4798)]
[0m 43s (712 89%) 3.3230 (2.4798)]
[0m 43s (713 89%) 3.3220 (2.6027)]
[0m 43s (714 89%) 3.3216 (3.0086)]
[0m 44s (717 89%) 3.3215 (2.5278)]
[0m 44s (718 89%) 3.3204 (2.5344)]
[0m 44s (720 90%) 3.3194 (2.4257)]
[0m 44s (720 90%) 3.3194 (2.4257)]
[0m 44s (722 90%) 3.3185 (2.5255)]
[0m 44s (723 90%) 3.3182 (3.0616)]
[0m 44s (724 90%) 3.3179 (3.1360)]
[0m 44s (725 90%) 3.3176 (3.0378)]
[0m 44s (726 90%) 3.3168 (2.7914)]
[0m 44s (727 90%) 3.3153 (2.2000)]
[0m 44s (728 91%) 3.3152 (3.2570)]
[0m 44s (728 91%) 3.3152 (3.2570)]
[0m 44s (729 91%) 3.3137 (2.2335)]
[0m 44s (731 91%) 3.3125 (2.3815)]
[0m 44s (733 91%) 3.3114 (2.3292)]
[0m 44s (734 91%) 3.3108 (2.8698)]
[0m 45s (736 92%) 3.3117 (3.0766)]
[0m 45s (744 93%) 3.3099 (2.3794)]
[0m 45s (744 93%) 3.3099 (2.3794)]
[0m 45s (745 93%) 3.3087 (2.4063)]
[0m 45s (747 93%) 3.3082 (2.5223)]
[0m 45s (748 93%) 3.3081 (3.2422)]
[0m 45s (749 93%) 3.3072 (2.6627)]
[0m 45s (750 93%) 3.3057 (2.1906)]
[0m 45s (751 93%) 3.3054 (3.0697)]
[0m 45s (752 94%) 3.3047 (2.7361)]
[0m 45s (752 94%) 3.3047 (2.7361)]
[0m 46s (759 94%) 3.3046 (2.6053)]
[0m 46s (760 95%) 3.3041 (2.9200)]
[0m 46s (760 95%) 3.3041 (2.9200)]
[0m 46s (761 95%) 3.3030 (2.4744)]
[0m 46s (762 95%) 3.3027 (3.0634)]
[0m 46s (763 95%) 3.3024 (3.0783)]
[0m 46s (764 95%) 3.3023 (3.2132)]
[0m 46s (765 95%) 3.3019 (2.9971)]
[0m 46s (766 95%) 3.3007 (2.4501)]
[0m 46s (767 95%) 3.3005 (3.1174)]
[0m 46s (768 96%) 3.2996 (2.6309)]
[0m 46s (768 96%) 3.2996 (2.6309)]
[0m 46s (770 96%) 3.2991 (2.4659)]
[0m 46s (771 96%) 3.2987 (3.0599)]
[0m 46s (772 96%) 3.2983 (2.9799)]
[0m 46s (773 96%) 3.2982 (3.2007)]
[0m 46s (774 96%) 3.2972 (2.4872)]
[0m 46s (775 96%) 3.2970 (3.1984)]
[0m 46s (776 97%) 3.2968 (3.1285)]
[0m 46s (776 97%) 3.2968 (3.1285)]
[0m 46s (777 97%) 3.2961 (2.7258)]
[0m 47s (779 97%) 3.2950 (2.1861)]
[0m 47s (782 97%) 3.2945 (2.6482)]
[0m 47s (783 97%) 3.2939 (2.8064)]
[0m 47s (784 98%) 3.2934 (2.9251)]
[0m 47s (784 98%) 3.2934 (2.9251)]
[0m 47s (788 98%) 3.2932 (2.7651)]
[0m 47s (789 98%) 3.2930 (3.1678)]
[0m 47s (790 98%) 3.2923 (2.7864)]
[0m 47s (791 98%) 3.2922 (3.1369)]
[0m 47s (792 99%) 3.2921 (3.2251)]
[0m 47s (792 99%) 3.2921 (3.2251)]
[0m 47s (793 99%) 3.2911 (2.5367)]
[0m 47s (794 99%) 3.2910 (3.2272)]
[0m 47s (795 99%) 3.2910 (3.2327)]
[0m 47s (796 99%) 3.2908 (3.1355)]
[0m 47s (797 99%) 3.2902 (2.8729)]
[0m 47s (798 99%) 3.2894 (2.6569)]
[0m 48s (800 100%) 3.2891 (2.9001)]
[0m 48s (800 100%) 3.2891 (2.9001)]
