ONLY CPU AVAILABLE
Corpus split:
  - Train: 892,315 chars (80%)
  - Validation: 111,539 chars (10%)
  - Test: 111,540 chars (10%)

Total corpus: 1,115,394 chars
Model: LSTM (Layers: 3, Hidden: 512)

-----------
|  TRAIN  |
-----------

[0m 15s (100 10%) Train Loss: 3.0167]
[1m 14s (200 20%) Train Loss: 2.4991]
[1m 43s (300 30%) Train Loss: 2.3278]
[2m 8s (400 40%) Train Loss: 2.2119]
[2m 33s (500 50%) Train Loss: 2.1506]
  [Validation] Loss: 2.1749 | Perplexité: 8.80
  -> Meilleur modèle sauvegardé! (Val Loss: 2.1749)
[3m 0s (600 60%) Train Loss: 2.0831]
[3m 26s (700 70%) Train Loss: 2.0716]
[3m 53s (800 80%) Train Loss: 2.0344]
[4m 20s (900 90%) Train Loss: 1.9426]
[4m 48s (1000 100%) Train Loss: 1.9136]
  [Validation] Loss: 1.9893 | Perplexité: 7.31
  -> Meilleur modèle sauvegardé! (Val Loss: 1.9893)

------------
|   TEST   |
------------
Test Loss: 2.0197
Test Perplexité: 7.54

Training Complete. Best model saved to lstmImproved_3_512.pt
